Log file open, 12/01/16 23:01:49
LogInit:Display: Running engine for game: FinalProj
LogPlatformFile: Not using cached read wrapper
LogInit:Display: RandInit(300057960) SRandInit(300057960).
LogTaskGraph: Started task graph with 5 named threads and 6 total threads with 1 sets of task threads.
LogStats: Stats thread started at 0.065147
LogPluginManager: Loaded Plugin Paper2D, From C:/Program Files (x86)/Epic Games/4.14/Engine/Plugins/2D/Paper2D/Paper2D.uplugin
LogPluginManager: Loaded Plugin LightPropagationVolume, From C:/Program Files (x86)/Epic Games/4.14/Engine/Plugins/Blendables/LightPropagationVolume/LightPropagationVolume.uplugin
LogPluginManager: Loaded Plugin BlankPlugin, From C:/Program Files (x86)/Epic Games/4.14/Engine/Plugins/Developer/BlankPlugin/BlankPlugin.uplugin
LogPluginManager: Loaded Plugin CodeLiteSourceCodeAccess, From C:/Program Files (x86)/Epic Games/4.14/Engine/Plugins/Developer/CodeLiteSourceCodeAccess/CodeLiteSourceCodeAccess.uplugin
LogPluginManager: Loaded Plugin GitSourceControl, From C:/Program Files (x86)/Epic Games/4.14/Engine/Plugins/Developer/GitSourceControl/GitSourceControl.uplugin
LogPluginManager: Loaded Plugin KDevelopSourceCodeAccess, From C:/Program Files (x86)/Epic Games/4.14/Engine/Plugins/Developer/KDevelopSourceCodeAccess/KDevelopSourceCodeAccess.uplugin
LogPluginManager: Loaded Plugin NullSourceCodeAccess, From C:/Program Files (x86)/Epic Games/4.14/Engine/Plugins/Developer/NullSourceCodeAccess/NullSourceCodeAccess.uplugin
LogPluginManager: Loaded Plugin OneSkyLocalizationService, From C:/Program Files (x86)/Epic Games/4.14/Engine/Plugins/Developer/OneSkyLocalizationService/OneSkyLocalizationService.uplugin
LogPluginManager: Loaded Plugin PerforceSourceControl, From C:/Program Files (x86)/Epic Games/4.14/Engine/Plugins/Developer/PerforceSourceControl/PerforceSourceControl.uplugin
LogPluginManager: Loaded Plugin SubversionSourceControl, From C:/Program Files (x86)/Epic Games/4.14/Engine/Plugins/Developer/SubversionSourceControl/SubversionSourceControl.uplugin
LogPluginManager: Loaded Plugin UObjectPlugin, From C:/Program Files (x86)/Epic Games/4.14/Engine/Plugins/Developer/UObjectPlugin/UObjectPlugin.uplugin
LogPluginManager: Loaded Plugin VisualStudioSourceCodeAccess, From C:/Program Files (x86)/Epic Games/4.14/Engine/Plugins/Developer/VisualStudioSourceCodeAccess/VisualStudioSourceCodeAccess.uplugin
LogPluginManager: Loaded Plugin XCodeSourceCodeAccess, From C:/Program Files (x86)/Epic Games/4.14/Engine/Plugins/Developer/XCodeSourceCodeAccess/XCodeSourceCodeAccess.uplugin
LogPluginManager: Loaded Plugin AudioCapture, From C:/Program Files (x86)/Epic Games/4.14/Engine/Plugins/Editor/AudioCapture/AudioCapture.uplugin
LogPluginManager: Loaded Plugin EpicSurvey, From C:/Program Files (x86)/Epic Games/4.14/Engine/Plugins/Editor/EpicSurvey/EpicSurvey.uplugin
LogPluginManager: Loaded Plugin MacGraphicsSwitching, From C:/Program Files (x86)/Epic Games/4.14/Engine/Plugins/Editor/MacGraphicsSwitching/MacGraphicsSwitching.uplugin
LogPluginManager: Loaded Plugin MobileLauncherProfileWizard, From C:/Program Files (x86)/Epic Games/4.14/Engine/Plugins/Editor/MobileLauncherProfileWizard/MobileLauncherProfileWizard.uplugin
LogPluginManager: Loaded Plugin PluginBrowser, From C:/Program Files (x86)/Epic Games/4.14/Engine/Plugins/Editor/PluginBrowser/PluginBrowser.uplugin
LogPluginManager: Loaded Plugin SpeedTreeImporter, From C:/Program Files (x86)/Epic Games/4.14/Engine/Plugins/Editor/SpeedTreeImporter/SpeedTreeImporter.uplugin
LogPluginManager: Loaded Plugin SuperSearchEditor, From C:/Program Files (x86)/Epic Games/4.14/Engine/Plugins/Editor/SuperSearchEditor/SuperSearchEditor.uplugin
LogPluginManager: Loaded Plugin AlembicImporter, From C:/Program Files (x86)/Epic Games/4.14/Engine/Plugins/Experimental/AlembicImporter/AlembicImporter.uplugin
LogPluginManager: Loaded Plugin BlueprintStats, From C:/Program Files (x86)/Epic Games/4.14/Engine/Plugins/Experimental/BlueprintStats/BlueprintStats.uplugin
LogPluginManager: Loaded Plugin CharacterAI, From C:/Program Files (x86)/Epic Games/4.14/Engine/Plugins/Experimental/CharacterAI/CharacterAI.uplugin
LogPluginManager: Loaded Plugin CodeEditor, From C:/Program Files (x86)/Epic Games/4.14/Engine/Plugins/Experimental/CodeEditor/CodeEditor.uplugin
LogPluginManager: Loaded Plugin CodeView, From C:/Program Files (x86)/Epic Games/4.14/Engine/Plugins/Experimental/CodeView/CodeView.uplugin
LogPluginManager: Loaded Plugin HTML5Networking, From C:/Program Files (x86)/Epic Games/4.14/Engine/Plugins/Experimental/HTML5Networking/HTML5Networking.uplugin
LogPluginManager: Loaded Plugin OSVR, From C:/Program Files (x86)/Epic Games/4.14/Engine/Plugins/Experimental/OSVR/OSVR.uplugin
LogPluginManager: Loaded Plugin Phya, From C:/Program Files (x86)/Epic Games/4.14/Engine/Plugins/Experimental/Phya/Phya.uplugin
LogPluginManager: Loaded Plugin SignificanceManager, From C:/Program Files (x86)/Epic Games/4.14/Engine/Plugins/Experimental/SignificanceManager/SignificanceManager.uplugin
LogPluginManager: Loaded Plugin SimpleHMD, From C:/Program Files (x86)/Epic Games/4.14/Engine/Plugins/Experimental/SimpleHMD/SimpleHMD.uplugin
LogPluginManager: Loaded Plugin StereoPanorama, From C:/Program Files (x86)/Epic Games/4.14/Engine/Plugins/Experimental/StereoPanorama/StereoPanorama.uplugin
LogPluginManager: Loaded Plugin StructBox, From C:/Program Files (x86)/Epic Games/4.14/Engine/Plugins/Experimental/StructBox/StructBox.uplugin
LogPluginManager: Loaded Plugin Substance, From C:/Program Files (x86)/Epic Games/4.14/Engine/Plugins/Marketplace/Substance/Substance.uplugin
LogPluginManager: Loaded Plugin AndroidMedia, From C:/Program Files (x86)/Epic Games/4.14/Engine/Plugins/Media/AndroidMedia/AndroidMedia.uplugin
LogPluginManager: Loaded Plugin AvfMedia, From C:/Program Files (x86)/Epic Games/4.14/Engine/Plugins/Media/AvfMedia/AvfMedia.uplugin
LogPluginManager: Loaded Plugin MediaPlayerEditor, From C:/Program Files (x86)/Epic Games/4.14/Engine/Plugins/Media/MediaPlayerEditor/MediaPlayerEditor.uplugin
LogPluginManager: Loaded Plugin WmfMedia, From C:/Program Files (x86)/Epic Games/4.14/Engine/Plugins/Media/WmfMedia/WmfMedia.uplugin
LogPluginManager: Loaded Plugin MessagingDebugger, From C:/Program Files (x86)/Epic Games/4.14/Engine/Plugins/Messaging/MessagingDebugger/MessagingDebugger.uplugin
LogPluginManager: Loaded Plugin TcpMessaging, From C:/Program Files (x86)/Epic Games/4.14/Engine/Plugins/Messaging/TcpMessaging/TcpMessaging.uplugin
LogPluginManager: Loaded Plugin UdpMessaging, From C:/Program Files (x86)/Epic Games/4.14/Engine/Plugins/Messaging/UdpMessaging/UdpMessaging.uplugin
LogPluginManager: Loaded Plugin LevelSequenceEditor, From C:/Program Files (x86)/Epic Games/4.14/Engine/Plugins/MovieScene/LevelSequenceEditor/LevelSequenceEditor.uplugin
LogPluginManager: Loaded Plugin MatineeToLevelSequence, From C:/Program Files (x86)/Epic Games/4.14/Engine/Plugins/MovieScene/MatineeToLevelSequence/MatineeToLevelSequence.uplugin
LogPluginManager: Loaded Plugin NetcodeUnitTest, From C:/Program Files (x86)/Epic Games/4.14/Engine/Plugins/NetcodeUnitTest/NetcodeUnitTest/NetcodeUnitTest.uplugin
LogPluginManager: Loaded Plugin NUTUnrealEngine4, From C:/Program Files (x86)/Epic Games/4.14/Engine/Plugins/NetcodeUnitTest/NUTUnrealEngine4/NUTUnrealEngine4.uplugin
LogPluginManager: Loaded Plugin OnlineSubsystemGameCircle, From C:/Program Files (x86)/Epic Games/4.14/Engine/Plugins/Online/Android/OnlineSubsystemGameCircle/OnlineSubsystemGameCircle.uplugin
LogPluginManager: Loaded Plugin OnlineSubsystemGooglePlay, From C:/Program Files (x86)/Epic Games/4.14/Engine/Plugins/Online/Android/OnlineSubsystemGooglePlay/OnlineSubsystemGooglePlay.uplugin
LogPluginManager: Loaded Plugin OnlineSubsystemIOS, From C:/Program Files (x86)/Epic Games/4.14/Engine/Plugins/Online/IOS/OnlineSubsystemIOS/OnlineSubsystemIOS.uplugin
LogPluginManager: Loaded Plugin OnlineFramework, From C:/Program Files (x86)/Epic Games/4.14/Engine/Plugins/Online/OnlineFramework/OnlineFramework.uplugin
LogPluginManager: Loaded Plugin OnlineSubsystem, From C:/Program Files (x86)/Epic Games/4.14/Engine/Plugins/Online/OnlineSubsystem/OnlineSubsystem.uplugin
LogPluginManager: Loaded Plugin OnlineSubsystemAmazon, From C:/Program Files (x86)/Epic Games/4.14/Engine/Plugins/Online/OnlineSubsystemAmazon/OnlineSubsystemAmazon.uplugin
LogPluginManager: Loaded Plugin OnlineSubsystemFacebook, From C:/Program Files (x86)/Epic Games/4.14/Engine/Plugins/Online/OnlineSubsystemFacebook/OnlineSubsystemFacebook.uplugin
LogPluginManager: Loaded Plugin OnlineSubsystemNull, From C:/Program Files (x86)/Epic Games/4.14/Engine/Plugins/Online/OnlineSubsystemNull/OnlineSubsystemNull.uplugin
LogPluginManager: Loaded Plugin OnlineSubsystemOculus, From C:/Program Files (x86)/Epic Games/4.14/Engine/Plugins/Online/OnlineSubsystemOculus/OnlineSubsystemOculus.uplugin
LogPluginManager: Loaded Plugin OnlineSubsystemSteam, From C:/Program Files (x86)/Epic Games/4.14/Engine/Plugins/Online/OnlineSubsystemSteam/OnlineSubsystemSteam.uplugin
LogPluginManager: Loaded Plugin OnlineSubsystemUtils, From C:/Program Files (x86)/Epic Games/4.14/Engine/Plugins/Online/OnlineSubsystemUtils/OnlineSubsystemUtils.uplugin
LogPluginManager: Loaded Plugin IOSTapJoy, From C:/Program Files (x86)/Epic Games/4.14/Engine/Plugins/Runtime/Advertising/IOSTapJoy/IOSTapJoy.uplugin
LogPluginManager: Loaded Plugin AnalyticsBlueprintLibrary, From C:/Program Files (x86)/Epic Games/4.14/Engine/Plugins/Runtime/Analytics/AnalyticsBlueprintLibrary/AnalyticsBlueprintLibrary.uplugin
LogPluginManager: Loaded Plugin AnalyticsMulticast, From C:/Program Files (x86)/Epic Games/4.14/Engine/Plugins/Runtime/Analytics/AnalyticsMulticast/AnalyticsMulticast.uplugin
LogPluginManager: Loaded Plugin Apsalar, From C:/Program Files (x86)/Epic Games/4.14/Engine/Plugins/Runtime/Analytics/Apsalar/Apsalar.uplugin
LogPluginManager: Loaded Plugin FileLogging, From C:/Program Files (x86)/Epic Games/4.14/Engine/Plugins/Runtime/Analytics/FileLogging/FileLogging.uplugin
LogPluginManager: Loaded Plugin Flurry, From C:/Program Files (x86)/Epic Games/4.14/Engine/Plugins/Runtime/Analytics/Flurry/Flurry.uplugin
LogPluginManager: Loaded Plugin AndroidDeviceProfileSelector, From C:/Program Files (x86)/Epic Games/4.14/Engine/Plugins/Runtime/AndroidDeviceProfileSelector/AndroidDeviceProfileSelector.uplugin
LogPluginManager: Loaded Plugin AndroidMoviePlayer, From C:/Program Files (x86)/Epic Games/4.14/Engine/Plugins/Runtime/AndroidMoviePlayer/AndroidMoviePlayer.uplugin
LogPluginManager: Loaded Plugin AppleMoviePlayer, From C:/Program Files (x86)/Epic Games/4.14/Engine/Plugins/Runtime/AppleMoviePlayer/AppleMoviePlayer.uplugin
LogPluginManager: Loaded Plugin ArchVisCharacter, From C:/Program Files (x86)/Epic Games/4.14/Engine/Plugins/Runtime/ArchVisCharacter/ArchVisCharacter.uplugin
LogPluginManager: Loaded Plugin CableComponent, From C:/Program Files (x86)/Epic Games/4.14/Engine/Plugins/Runtime/CableComponent/CableComponent.uplugin
LogPluginManager: Loaded Plugin CustomMeshComponent, From C:/Program Files (x86)/Epic Games/4.14/Engine/Plugins/Runtime/CustomMeshComponent/CustomMeshComponent.uplugin
LogPluginManager: Loaded Plugin ExampleDeviceProfileSelector, From C:/Program Files (x86)/Epic Games/4.14/Engine/Plugins/Runtime/ExampleDeviceProfileSelector/ExampleDeviceProfileSelector.uplugin
LogPluginManager: Loaded Plugin GearVR, From C:/Program Files (x86)/Epic Games/4.14/Engine/Plugins/Runtime/GearVR/GearVR.uplugin
LogPluginManager: Loaded Plugin GoogleVRController, From C:/Program Files (x86)/Epic Games/4.14/Engine/Plugins/Runtime/GoogleVR/GoogleVRController/GoogleVRController.uplugin
LogPluginManager: Loaded Plugin GoogleVRHMD, From C:/Program Files (x86)/Epic Games/4.14/Engine/Plugins/Runtime/GoogleVR/GoogleVRHMD/GoogleVRHMD.uplugin
LogPluginManager: Loaded Plugin IOSDeviceProfileSelector, From C:/Program Files (x86)/Epic Games/4.14/Engine/Plugins/Runtime/IOSDeviceProfileSelector/IOSDeviceProfileSelector.uplugin
LogPluginManager: Loaded Plugin LeapMotion, From C:/Program Files (x86)/Epic Games/4.14/Engine/Plugins/Runtime/LeapMotion/LeapMotion.uplugin
LogPluginManager: Loaded Plugin LinuxDeviceProfileSelector, From C:/Program Files (x86)/Epic Games/4.14/Engine/Plugins/Runtime/LinuxDeviceProfileSelector/LinuxDeviceProfileSelector.uplugin
LogPluginManager: Loaded Plugin MIDIDevice, From C:/Program Files (x86)/Epic Games/4.14/Engine/Plugins/Runtime/MIDIDevice/MIDIDevice.uplugin
LogPluginManager: Loaded Plugin MobilePatchingUtils, From C:/Program Files (x86)/Epic Games/4.14/Engine/Plugins/Runtime/MobilePatchingUtils/MobilePatchingUtils.uplugin
LogPluginManager: Loaded Plugin Ansel, From C:/Program Files (x86)/Epic Games/4.14/Engine/Plugins/Runtime/Nvidia/Ansel/Ansel.uplugin
LogPluginManager: Loaded Plugin OculusAudio, From C:/Program Files (x86)/Epic Games/4.14/Engine/Plugins/Runtime/OculusAudio/OculusAudio.uplugin
LogPluginManager: Loaded Plugin OculusInput, From C:/Program Files (x86)/Epic Games/4.14/Engine/Plugins/Runtime/OculusInput/OculusInput.uplugin
LogPluginManager: Loaded Plugin OculusLibrary, From C:/Program Files (x86)/Epic Games/4.14/Engine/Plugins/Runtime/OculusLibrary/OculusLibrary.uplugin
LogPluginManager: Loaded Plugin OculusRift, From C:/Program Files (x86)/Epic Games/4.14/Engine/Plugins/Runtime/OculusRift/OculusRift.uplugin
LogPluginManager: Loaded Plugin Oodle, From C:/Program Files (x86)/Epic Games/4.14/Engine/Plugins/Runtime/PacketHandlers/CompressionComponents/Oodle/Oodle.uplugin
LogPluginManager: Loaded Plugin ProceduralMeshComponent, From C:/Program Files (x86)/Epic Games/4.14/Engine/Plugins/Runtime/ProceduralMeshComponent/ProceduralMeshComponent.uplugin
LogPluginManager: Loaded Plugin SoundMod, From C:/Program Files (x86)/Epic Games/4.14/Engine/Plugins/Runtime/SoundMod/SoundMod.uplugin
LogPluginManager: Loaded Plugin SoundVisualizations, From C:/Program Files (x86)/Epic Games/4.14/Engine/Plugins/Runtime/SoundVisualizations/SoundVisualizations.uplugin
LogPluginManager: Loaded Plugin SteamController, From C:/Program Files (x86)/Epic Games/4.14/Engine/Plugins/Runtime/Steam/SteamController/SteamController.uplugin
LogPluginManager: Loaded Plugin SteamVR, From C:/Program Files (x86)/Epic Games/4.14/Engine/Plugins/Runtime/Steam/SteamVR/SteamVR.uplugin
LogPluginManager: Loaded Plugin WebBrowserWidget, From C:/Program Files (x86)/Epic Games/4.14/Engine/Plugins/Runtime/WebBrowserWidget/WebBrowserWidget.uplugin
LogPluginManager: Loaded Plugin WindowsDeviceProfileSelector, From C:/Program Files (x86)/Epic Games/4.14/Engine/Plugins/Runtime/WindowsDeviceProfileSelector/WindowsDeviceProfileSelector.uplugin
LogPluginManager: Loaded Plugin WindowsMoviePlayer, From C:/Program Files (x86)/Epic Games/4.14/Engine/Plugins/Runtime/WindowsMoviePlayer/WindowsMoviePlayer.uplugin
LogPluginManager: Loaded Plugin ScriptPlugin, From C:/Program Files (x86)/Epic Games/4.14/Engine/Plugins/ScriptPlugin/ScriptPlugin.uplugin
LogPluginManager: Loaded Plugin SlateRemote, From C:/Program Files (x86)/Epic Games/4.14/Engine/Plugins/Slate/SlateRemote/SlateRemote.uplugin
LogPluginManager: Loaded Plugin EditorTests, From C:/Program Files (x86)/Epic Games/4.14/Engine/Plugins/Tests/EditorTests/EditorTests.uplugin
LogPluginManager: Loaded Plugin FbxAutomationTestBuilder, From C:/Program Files (x86)/Epic Games/4.14/Engine/Plugins/Tests/FbxAutomationTestBuilder/FbxAutomationTestBuilder.uplugin
LogPluginManager: Loaded Plugin FunctionalTestingEditor, From C:/Program Files (x86)/Epic Games/4.14/Engine/Plugins/Tests/FunctionalTestingEditor/FunctionalTestingEditor.uplugin
LogPluginManager: Loaded Plugin RuntimeTests, From C:/Program Files (x86)/Epic Games/4.14/Engine/Plugins/Tests/RuntimeTests/RuntimeTests.uplugin
LogPluginManager: Loaded Plugin ScreenshotTools, From C:/Program Files (x86)/Epic Games/4.14/Engine/Plugins/Tests/ScreenshotTools/ScreenshotTools.uplugin
LogInit: Using libcurl 7.47.1
LogInit:  - built for x86_64-pc-win32
LogInit:  - supports SSL with OpenSSL/1.0.2g
LogInit:  - supports HTTP deflate (compression) using libz 1.2.8
LogInit:  - other features:
LogInit:      CURL_VERSION_SSL
LogInit:      CURL_VERSION_LIBZ
LogInit:      CURL_VERSION_IPV6
LogInit:      CURL_VERSION_ASYNCHDNS
LogInit:      CURL_VERSION_LARGEFILE
LogInit:      CURL_VERSION_IDN
LogInit:  CurlRequestOptions (configurable via config and command line):
LogInit:  - bVerifyPeer = false  - Libcurl will NOT verify peer certificate
LogInit:  - bUseHttpProxy = false  - Libcurl will NOT use HTTP proxy
LogInit:  - bDontReuseConnections = false  - Libcurl will reuse connections
LogInit:  - CertBundlePath = nullptr  - Libcurl will use whatever was configured at build time.
LogInit: Build: ++UE4+Release-4.14-CL-3195953
LogInit: Engine Version: 4.14.0-3195953+++UE4+Release-4.14
LogInit: Compatible Engine Version: 4.14.0-3195953+++UE4+Release-4.14
LogInit: Net CL: 3195953
LogDevObjectVersion: Number of dev versions registered: 13
LogDevObjectVersion:   Dev-Blueprints (B0D832E4-1F89-4F0D-ACCF-7EB736FD4AA2): 7
LogDevObjectVersion:   Dev-Build (E1C64328-A22C-4D53-A36C-8E866417BD8C): 0
LogDevObjectVersion:   Dev-Core (375EC13C-06E4-48FB-B500-84F0262A717E): 1
LogDevObjectVersion:   Dev-Editor (E4B068ED-F494-42E9-A231-DA0B2E46BB41): 8
LogDevObjectVersion:   Dev-Framework (CFFC743F-43B0-4480-9391-14DF171D2073): 17
LogDevObjectVersion:   Dev-Mobile (B02B49B5-BB20-44E9-A304-32B752E40360): 0
LogDevObjectVersion:   Dev-Networking (A4E4105C-59A1-49B5-A7C5-40C4547EDFEE): 0
LogDevObjectVersion:   Dev-Online (39C831C9-5AE6-47DC-9A44-9C173E1C8E7C): 0
LogDevObjectVersion:   Dev-Physics (78F01B33-EBEA-4F98-B9B4-84EACCB95AA2): 0
LogDevObjectVersion:   Dev-Platform (6631380F-2D4D-43E0-8009-CF276956A95A): 0
LogDevObjectVersion:   Dev-Rendering (12F88B9F-8875-4AFC-A67C-D90C383ABD29): 12
LogDevObjectVersion:   Dev-Sequencer (7B5AE74C-D270-4C10-A958-57980B212A5A): 1
LogDevObjectVersion:   Dev-VR (D7296918-1DD6-4BDD-9DE2-64A83CC13884): 0
LogInit: Compiled (64-bit): Nov 12 2016 02:14:10
LogInit: Compiled with Visual C++: 19.00.23026.00
LogInit: Build Configuration: Development
LogInit: Branch Name: ++UE4+Release-4.14
LogInit: Command line:  
LogInit: Base directory: C:/Program Files (x86)/Epic Games/4.14/Engine/Binaries/Win64/
LogInit: Installed Engine Build: 1
LogInit: Presizing for max 8388607 objects, including 0 objects not considered by GC, pre-allocating 0 bytes for permanent pool.
LogInit: Object subsystem initialized
[2016.12.02-04.01.49:791][  0]LogInit: Selected Device Profile: [Windows]
[2016.12.02-04.01.49:791][  0]LogInit: Applying CVar settings loaded from the selected device profile: [Windows]
[2016.12.02-04.01.49:808][  0]LogInit: Computer: DESKTOP-EA6LNK4
[2016.12.02-04.01.49:808][  0]LogInit: User: Kirby
[2016.12.02-04.01.49:808][  0]LogInit: CPU Page size=65536, Cores=2
[2016.12.02-04.01.49:808][  0]LogInit: High frequency timer resolution =2.531250 MHz
[2016.12.02-04.01.49:809][  0]LogMemory: Memory total: Physical=11.9GB (12GB approx)
[2016.12.02-04.01.49:809][  0]LogMemory: Platform Memory Stats for Windows
[2016.12.02-04.01.49:809][  0]LogMemory: Process Physical Memory: 263.39 MB used, 263.39 MB peak
[2016.12.02-04.01.49:809][  0]LogMemory: Process Virtual Memory: 262.19 MB used, 262.19 MB peak
[2016.12.02-04.01.49:809][  0]LogMemory: Physical Memory: 4002.97 MB used,  8188.12 MB free, 12191.09 MB total
[2016.12.02-04.01.49:809][  0]LogMemory: Virtual Memory: 674.21 MB used,  8188.12 MB free, 134217728.00 MB total
[2016.12.02-04.01.50:032][  0]LogTextLocalizationManager: No specific translations for ('en-US') exist, so ('en') translations will be used.
[2016.12.02-04.01.51:063][  0]LogD3D11RHI: D3D11 adapters:
[2016.12.02-04.01.51:101][  0]LogD3D11RHI:    0. 'NVIDIA GeForce 940M        ' (Feature Level 11_0)
[2016.12.02-04.01.51:101][  0]LogD3D11RHI:       1996/0/6095 MB DedicatedVideo/DedicatedSystem/SharedSystem, Outputs:1, VendorId:0x10de
[2016.12.02-04.01.51:110][  0]LogD3D11RHI:    1. 'Intel(R) HD Graphics 520' (Feature Level 11_0)
[2016.12.02-04.01.51:110][  0]LogD3D11RHI:       128/0/6095 MB DedicatedVideo/DedicatedSystem/SharedSystem, Outputs:0, VendorId:0x8086
[2016.12.02-04.01.51:122][  0]LogD3D11RHI:    2. 'Microsoft Basic Render Driver' (Feature Level 11_0)
[2016.12.02-04.01.51:122][  0]LogD3D11RHI:       0/0/6095 MB DedicatedVideo/DedicatedSystem/SharedSystem, Outputs:0, VendorId:0x1414
[2016.12.02-04.01.51:122][  0]LogD3D11RHI: Chosen D3D11 Adapter: 0
[2016.12.02-04.01.51:130][  0]LogD3D11RHI: Creating new Direct3DDevice
[2016.12.02-04.01.51:130][  0]LogD3D11RHI:     GPU DeviceId: 0x1347 (for the marketing name, search the web for "GPU Device Id")
[2016.12.02-04.01.51:130][  0]LogWindows: EnumDisplayDevices:
[2016.12.02-04.01.51:130][  0]LogWindows:    0. 'Intel(R) HD Graphics 520' (P:1 D:1)
[2016.12.02-04.01.51:130][  0]LogWindows:    1. 'Intel(R) HD Graphics 520' (P:0 D:0)
[2016.12.02-04.01.51:130][  0]LogWindows:    2. 'Intel(R) HD Graphics 520' (P:0 D:0)
[2016.12.02-04.01.51:130][  0]LogWindows: DebugString: PrimaryIsNotTheChoosenAdapter PrimaryIsNotTheChoosenAdapter PrimaryIsNotTheChoosenAdapter FoundDriverCount:0 
[2016.12.02-04.01.51:130][  0]LogD3D11RHI:     Adapter Name: NVIDIA GeForce 940M        
[2016.12.02-04.01.51:130][  0]LogD3D11RHI:   Driver Version: Unknown (internal:Unknown, unified:Unknown)
[2016.12.02-04.01.51:130][  0]LogD3D11RHI:      Driver Date: Unknown
[2016.12.02-04.01.51:131][  0]LogRHI: Texture pool is 1361 MB (70% of 1945 MB)
[2016.12.02-04.01.51:148][  0]LogD3D11RHI: Async texture creation enabled
[2016.12.02-04.01.51:206][  0]LogD3D11RHI: GPU Timing Frequency: 1000.000000 (Debug: 2 2)
[2016.12.02-04.01.51:222][  0]LogShaderCompilers: Guid format shader working directory is -11 characters bigger than the processId version (../../../../../../Users/Kirby/Documents/GitHub/GDP_Final/Intermediate/Shaders/WorkingDirectory/18296/).
[2016.12.02-04.01.51:222][  0]LogShaderCompilers: Cleaned the shader compiler working directory 'C:/Users/Kirby/AppData/Local/Temp/UnrealShaderWorkingDir/EA1DACFC48B5848575CD708BF04763C3/'.
[2016.12.02-04.01.51:222][  0]LogShaderCompilers:Display: Using Local Shader Compiler.
[2016.12.02-04.01.52:703][  0]LogTemp:Display: Loaded TP AllDesktopTargetPlatform
[2016.12.02-04.01.52:764][  0]LogTemp:Display: Loaded TP MacClientTargetPlatform
[2016.12.02-04.01.52:823][  0]LogTemp:Display: Loaded TP MacNoEditorTargetPlatform
[2016.12.02-04.01.52:886][  0]LogTemp:Display: Loaded TP MacServerTargetPlatform
[2016.12.02-04.01.52:950][  0]LogTemp:Display: Loaded TP MacTargetPlatform
[2016.12.02-04.01.53:010][  0]LogTemp:Display: Loaded TP WindowsClientTargetPlatform
[2016.12.02-04.01.53:069][  0]LogTemp:Display: Loaded TP WindowsNoEditorTargetPlatform
[2016.12.02-04.01.53:134][  0]LogTemp:Display: Loaded TP WindowsServerTargetPlatform
[2016.12.02-04.01.53:189][  0]LogTemp:Display: Loaded TP WindowsTargetPlatform
[2016.12.02-04.01.53:249][  0]LogTemp:Display: Loaded TP AndroidTargetPlatform
[2016.12.02-04.01.53:307][  0]LogTemp:Display: Loaded TP Android_ASTCTargetPlatform
[2016.12.02-04.01.53:366][  0]LogTemp:Display: Loaded TP Android_ATCTargetPlatform
[2016.12.02-04.01.53:425][  0]LogTemp:Display: Loaded TP Android_DXTTargetPlatform
[2016.12.02-04.01.53:482][  0]LogTemp:Display: Loaded TP Android_ETC1TargetPlatform
[2016.12.02-04.01.53:539][  0]LogTemp:Display: Loaded TP Android_ETC2TargetPlatform
[2016.12.02-04.01.53:666][  0]LogTemp:Display: Loaded TP Android_MultiTargetPlatform
[2016.12.02-04.01.53:666][  0]LogTemp:Display: Loaded TP Android_PVRTCTargetPlatform
[2016.12.02-04.01.53:705][  0]LogTemp:Display: Loaded TP HTML5TargetPlatform
[2016.12.02-04.01.53:816][  0]LogTemp:Display: Loaded TP IOSTargetPlatform
[2016.12.02-04.01.53:853][  0]LogTemp:Display: Loaded TP TVOSTargetPlatform
[2016.12.02-04.01.53:913][  0]LogTemp:Display: Loaded TP LinuxClientTargetPlatform
[2016.12.02-04.01.53:970][  0]LogTemp:Display: Loaded TP LinuxNoEditorTargetPlatform
[2016.12.02-04.01.54:028][  0]LogTemp:Display: Loaded TP LinuxServerTargetPlatform
[2016.12.02-04.01.54:089][  0]LogTemp:Display: Loaded TP LinuxTargetPlatform
[2016.12.02-04.01.54:089][  0]LogTargetPlatformManager:Display: Building Assets For Windows
[2016.12.02-04.01.54:605][  0]LogDerivedDataCache:Display: Max Cache Size: 512 MB
[2016.12.02-04.01.54:919][  0]LogDerivedDataCache: Loaded boot cache 0.31s 64MB C:/Users/Kirby/AppData/Local/UnrealEngine/4.14/DerivedDataCache/Boot.ddc.
[2016.12.02-04.01.54:919][  0]LogDerivedDataCache:Display: Loaded Boot cache: C:/Users/Kirby/AppData/Local/UnrealEngine/4.14/DerivedDataCache/Boot.ddc
[2016.12.02-04.01.54:919][  0]LogDerivedDataCache: FDerivedDataBackendGraph:  Pak pak cache file ../../../../../../Users/Kirby/Documents/GitHub/GDP_Final/DerivedDataCache/DDC.ddp not found, will not use a pak cache.
[2016.12.02-04.01.54:919][  0]LogDerivedDataCache: Unable to find inner node Pak for hierarchical cache Hierarchy.
[2016.12.02-04.01.54:919][  0]LogDerivedDataCache: FDerivedDataBackendGraph:  CompressedPak pak cache file ../../../../../../Users/Kirby/Documents/GitHub/GDP_Final/DerivedDataCache/Compressed.ddp not found, will not use a pak cache.
[2016.12.02-04.01.54:919][  0]LogDerivedDataCache: Unable to find inner node CompressedPak for hierarchical cache Hierarchy.
[2016.12.02-04.01.54:945][  0]LogDerivedDataCache:Display: Pak cache opened for reading ../../../Engine/DerivedDataCache/Compressed.ddp.
[2016.12.02-04.01.54:960][  0]LogDerivedDataCache: Using Local data cache path C:/Users/Kirby/AppData/Local/UnrealEngine/Common/DerivedDataCache: Writable
[2016.12.02-04.01.56:051][  0]LogInit: Selected Device Profile: [Windows]
[2016.12.02-04.01.56:067][  0]LogContentStreaming: Texture pool size is 0.00 MB
[2016.12.02-04.01.56:354][  0]LogMeshUtilities: Using QuadricMeshReduction for automatic static mesh reduction
[2016.12.02-04.01.56:419][  0]LogSimplygon: Simplygon DLL not present - disabling.
[2016.12.02-04.01.56:474][  0]LogMeshUtilities: Using SimplygonSwarm for distributed automatic mesh merging
[2016.12.02-04.01.56:474][  0]LogMeshUtilities: No automatic skeletal mesh reduction module available
[2016.12.02-04.01.56:474][  0]LogMeshUtilities: No automatic mesh merging module available
[2016.12.02-04.01.57:661][  0]LogNetVersion: GetLocalNetworkVersion: CL: 3195953, ProjectName: finalproj, ProjectVersion: , EngineNetworkVersion: 2, GameNetworkVersion: 0, NetworkChecksum: 502500933
[2016.12.02-04.01.57:752][  0]LogAssetRegistry: FAssetRegistry took 0.0333 seconds to start up
[2016.12.02-04.01.57:833][  0]LogPackageLocalizationCache: Processed 3 localized package path(s) for 2 prioritized culture(s) in 0.049387 seconds
[2016.12.02-04.01.57:843][  0]LogUObjectArray: 31946 objects as part of root set at end of initial load.
[2016.12.02-04.01.57:843][  0]LogUObjectAllocator: 6935840 out of 0 bytes used by permanent object pool.
[2016.12.02-04.01.57:843][  0]LogUObjectArray: CloseDisregardForGC: 0/0 objects in disregard for GC pool
[2016.12.02-04.01.57:923][  0]LogInit: WinSock: version 1.1 (2.2), MaxSocks=32767, MaxUdp=65467
[2016.12.02-04.01.58:950][  0]LogSlate: Using Freetype 2.6.0
[2016.12.02-04.01.58:953][  0]LogSlate: SlateFontCache - WITH_FREETYPE: 1, WITH_HARFBUZZ: 1
[2016.12.02-04.01.58:953][  0]LogSlate: SlateFontCache - WITH_FREETYPE: 1, WITH_HARFBUZZ: 1
[2016.12.02-04.02.00:910][  0]LogSubstanceCoreModule: Substance CPU Engine Loaded, Max Texture Size 2048
[2016.12.02-04.02.01:007][  0]LogTcpMessaging: Initializing TcpMessaging bridge
[2016.12.02-04.02.01:077][  0]LogUdpMessaging: Initializing bridge on interface 0.0.0.0:0 to multicast group 230.0.0.1:6666.
[2016.12.02-04.02.01:532][  0]LogMaterial: Uniform references updated for custom material expression Custom.
[2016.12.02-04.02.02:023][  0]SourceControl: Info Source control is disabled
[2016.12.02-04.02.02:025][  0]SourceControl: Info Source control is disabled
[2016.12.02-04.02.02:087][  0]SourceControl: Info Source control is disabled
[2016.12.02-04.02.02:143][  0]SourceControl: Info Source control is disabled
[2016.12.02-04.02.03:744][  0]LogEngine: Initializing Engine...
[2016.12.02-04.02.03:747][  0]LogHMD: Failed to initialize OpenVR with code 110
[2016.12.02-04.02.04:088][  0]LogAIModule: Creating AISystem for world Untitled
[2016.12.02-04.02.04:108][  0]LogInit: XAudio2 using 'Speakers (Conexant SmartAudio HD)' : 2 channels at 48 kHz using 32 bits per sample (channel mask 0x3)
[2016.12.02-04.02.04:216][  0]LogInit: FAudioDevice initialized.
[2016.12.02-04.02.04:250][  0]LogDerivedDataCache: Saved boot cache 0.03s 50MB C:/Users/Kirby/AppData/Local/UnrealEngine/4.14/DerivedDataCache/Boot.ddc.
[2016.12.02-04.02.04:255][  0]LogInit: Texture streaming: Enabled
[2016.12.02-04.02.04:486][  0]LogInit: Transaction tracking system initialized
[2016.12.02-04.02.04:912][  0]BlueprintLog: New page: Editor Load
[2016.12.02-04.02.06:043][  0]LocalizationService: Info Localization service is disabled
[2016.12.02-04.02.06:857][  0]LogConsoleResponse:Display: 
[2016.12.02-04.02.07:106][  0]LogCook:Display: Max memory allowance for cook 16384mb min free memory 0mb
[2016.12.02-04.02.07:106][  0]LogCook:Display: Mobile HDR setting 1
[2016.12.02-04.02.07:805][  0]LogFileCache: Scanning file cache for directory 'C:/Users/Kirby/Documents/GitHub/GDP_Final/Content/' took 0.02s
[2016.12.02-04.02.08:289][  0]SourceControl: Info Source control is disabled
[2016.12.02-04.02.08:291][  0]Cmd: MAP LOAD FILE="../../../../../../Users/Kirby/Documents/GitHub/GDP_Final/Content/ThirdPersonBP/Maps/ThirdPersonExampleMap.umap" TEMPLATE=0 SHOWPROGRESS=1 FEATURELEVEL=3
[2016.12.02-04.02.08:293][  0]LightingResults: New page: Lighting Build
[2016.12.02-04.02.08:344][  0]MapCheck: New page: Map Check
[2016.12.02-04.02.08:344][  0]LightingResults: New page: Lighting Build
[2016.12.02-04.02.09:039][  0]LogAIModule: Creating AISystem for world ThirdPersonExampleMap
[2016.12.02-04.02.09:068][  0]LogEditorServer: Finished looking for orphan Actors (0.000 secs)
[2016.12.02-04.02.09:072][  0]Cmd: MAP CHECKDEP NOCLEARLOG
[2016.12.02-04.02.09:117][  0]MapCheck: Info Map check complete: 0 Error(s), 0 Warning(s), took 45.138ms to complete.
[2016.12.02-04.02.09:117][  0]LogFileHelpers: Loading map 'ThirdPersonExampleMap' took 0.827
[2016.12.02-04.02.09:389][  0]LogCollectionManager: Loaded 0 collections in 0.002686 seconds
[2016.12.02-04.02.09:529][  0]LogFileCache: Scanning file cache for directory 'C:/Users/Kirby/Documents/GitHub/GDP_Final/Saved/Collections/' took 0.03s
[2016.12.02-04.02.09:529][  0]LogFileCache: Scanning file cache for directory 'C:/Users/Kirby/Documents/GitHub/GDP_Final/Content/Developers/Kirby/Collections/' took 0.01s
[2016.12.02-04.02.09:529][  0]LogFileCache: Scanning file cache for directory 'C:/Users/Kirby/Documents/GitHub/GDP_Final/Content/Collections/' took 0.01s
[2016.12.02-04.02.09:529][  0]LogCollectionManager: Rebuilt the GUID cache for 0 collections in 0.000002 seconds
[2016.12.02-04.02.09:544][  0]LogContentBrowser: Native class hierarchy populated in 0.0103 seconds. Added 2205 classes and 434 folders.
[2016.12.02-04.02.09:592][  0]LogStats: UGameplayTagsManager::ConstructGameplayTagTree: Construct from data asset -  0.000 s
[2016.12.02-04.02.09:593][  0]LogStats: UGameplayTagsManager::ConstructGameplayTagTree: GameplayTagTreeChangedEvent.Broadcast -  0.001 s
[2016.12.02-04.02.09:594][  0]LogContentBrowser: Native class hierarchy updated for 'GameplayTags' in 0.0006 seconds. Added 13 classes and 0 folders.
[2016.12.02-04.02.09:660][  0]LogContentBrowser: Native class hierarchy updated for 'WidgetCarousel' in 0.0005 seconds. Added 0 classes and 0 folders.
[2016.12.02-04.02.09:796][  0]LogContentBrowser: Native class hierarchy updated for 'AddContentDialog' in 0.0005 seconds. Added 0 classes and 0 folders.
[2016.12.02-04.02.09:857][  0]LogContentBrowser: Native class hierarchy updated for 'SceneOutliner' in 0.0006 seconds. Added 1 classes and 2 folders.
[2016.12.02-04.02.09:981][  0]LogCrashTracker: Crashtracker disabled due to settings.
[2016.12.02-04.02.10:000][  0]LogUObjectGlobals:Warning: Failed to find object 'Class None.'
[2016.12.02-04.02.10:089][  0]LogContentBrowser: Native class hierarchy updated for 'HierarchicalLODOutliner' in 0.0007 seconds. Added 1 classes and 2 folders.
[2016.12.02-04.02.10:090][  0]LogLoad: (Engine Initialization) Total time: 22.09 seconds
[2016.12.02-04.02.10:090][  0]LogLoad: (Engine Initialization) Total Blueprint compile time: 0.32 seconds
[2016.12.02-04.02.10:090][  0]LogExternalProfiler: No external profilers were discovered.  External profiling features will not be available.
[2016.12.02-04.02.10:110][  0]LogOcInput: OculusInput pre-init called
[2016.12.02-04.02.10:136][  0]LogContentStreaming: Texture pool size now 1000 MB
[2016.12.02-04.02.10:330][  0]LogRenderer: Reallocating scene render targets to support 804x340 NumSamples 1 (Frame:2).
[2016.12.02-04.02.10:482][  1]LogAssetRegistry: Asset discovery search completed in 12.7610 seconds
[2016.12.02-04.02.10:482][  1]LogCollectionManager: Rebuilt the object cache for 0 collections in 0.000001 seconds (found 0 objects)
[2016.12.02-04.02.10:482][  1]LogCollectionManager: Fixed up redirectors for 0 collections in 0.000018 seconds (updated 0 objects)
[2016.12.02-04.02.18:321][459]LogEditorFactories: Performing atomic reimport of [C:/Users/Kirby/Documents/Game Design/bob_R.png]
[2016.12.02-04.02.18:322][459]LogFactory: FactoryCreateFile: Texture2D with ReimportTextureFactory (0 0 C:/Users/Kirby/Documents/Game Design/bob_R.png)
[2016.12.02-04.02.18:328][459]LogTexture:Display: Building textures: bob_R (BGRA8)
[2016.12.02-04.02.18:336][459]LogEditorFactories: -- imported successfully
[2016.12.02-04.03.10:434][186]LogEditorFactories: Performing atomic reimport of [C:/Users/Kirby/Documents/Game Design/bob_R.png]
[2016.12.02-04.03.10:434][186]LogFactory: FactoryCreateFile: Texture2D with ReimportTextureFactory (0 0 C:/Users/Kirby/Documents/Game Design/bob_R.png)
[2016.12.02-04.03.10:444][186]LogTexture:Display: Building textures: bob_R (BGRA8)
[2016.12.02-04.03.10:451][186]LogEditorFactories: -- imported successfully
[2016.12.02-04.03.16:587][541]LogEditorViewport: Clicking on Actor (LMB): PaperFlipbookActor (bob_R2)
[2016.12.02-04.03.30:049][338]LogEditorViewport: Clicking on Actor (LMB): BP_RedEntrance_C (RedEntrance)
[2016.12.02-04.05.27:119][512]LogEditorFactories: Performing atomic reimport of [C:/Users/Kirby/Documents/Game Design/bob_R.png]
[2016.12.02-04.05.27:119][512]LogFactory: FactoryCreateFile: Texture2D with ReimportTextureFactory (0 0 C:/Users/Kirby/Documents/Game Design/bob_R.png)
[2016.12.02-04.05.27:122][512]LogTexture:Display: Building textures: bob_R (BGRA8)
[2016.12.02-04.05.27:127][512]LogEditorFactories: -- imported successfully
[2016.12.02-04.06.03:529][222]LogEditorFactories: Performing atomic reimport of [C:/Users/Kirby/Documents/Game Design/bob_R.png]
[2016.12.02-04.06.03:530][222]LogFactory: FactoryCreateFile: Texture2D with ReimportTextureFactory (0 0 C:/Users/Kirby/Documents/Game Design/bob_R.png)
[2016.12.02-04.06.03:534][222]LogTexture:Display: Building textures: bob_R (BGRA8)
[2016.12.02-04.06.03:539][222]LogEditorFactories: -- imported successfully
[2016.12.02-04.06.24:485][949]LogEditorFactories: Performing atomic reimport of [C:/Users/Kirby/Documents/Game Design/bob_R.png]
[2016.12.02-04.06.24:485][949]LogFactory: FactoryCreateFile: Texture2D with ReimportTextureFactory (0 0 C:/Users/Kirby/Documents/Game Design/bob_R.png)
[2016.12.02-04.06.24:487][949]LogTexture:Display: Building textures: bob_R (BGRA8)
[2016.12.02-04.06.24:492][949]LogEditorFactories: -- imported successfully
[2016.12.02-04.07.18:147][ 12]LogEditorFactories: Performing atomic reimport of [C:/Users/Kirby/Documents/Game Design/bob_R.png]
[2016.12.02-04.07.18:147][ 12]LogFactory: FactoryCreateFile: Texture2D with ReimportTextureFactory (0 0 C:/Users/Kirby/Documents/Game Design/bob_R.png)
[2016.12.02-04.07.18:150][ 12]LogTexture:Display: Building textures: bob_R (BGRA8)
[2016.12.02-04.07.18:157][ 12]LogEditorFactories: -- imported successfully
[2016.12.02-04.07.29:808][693]Cmd: OBJ SAVEPACKAGE PACKAGE="/Game/Assets/Characters/bob_R" FILE="../../../../../../Users/Kirby/Documents/GitHub/GDP_Final/Content/Assets/Characters/bob_R.uasset" SILENT=true
[2016.12.02-04.07.29:830][693]LogSavePackage: Save=4.43ms
[2016.12.02-04.07.29:830][693]LogSavePackage: Moving '../../../../../../Users/Kirby/Documents/GitHub/GDP_Final/Saved/bob_R6251397049631707189168804BCD9F08.tmp' to '../../../../../../Users/Kirby/Documents/GitHub/GDP_Final/Content/Assets/Characters/bob_R.uasset'
[2016.12.02-04.07.29:835][693]LogSavePackage:Display: Finished SavePackage ../../../../../../Users/Kirby/Documents/GitHub/GDP_Final/Content/Assets/Characters/bob_R.uasset
[2016.12.02-04.07.35:087][992]LogSavePackage: Save=75.12ms
[2016.12.02-04.07.35:087][992]LogSavePackage: Moving '../../../../../../Users/Kirby/Documents/GitHub/GDP_Final/Saved/ThirdPersonExampleMapA55F8E6B4AA415D455F34791E9C1F7EA.tmp' to '../../../../../../Users/Kirby/Documents/GitHub/GDP_Final/Content/ThirdPersonBP/Maps/ThirdPersonExampleMap.umap'
[2016.12.02-04.07.35:092][992]LogSavePackage:Display: Finished SavePackage ../../../../../../Users/Kirby/Documents/GitHub/GDP_Final/Content/ThirdPersonBP/Maps/ThirdPersonExampleMap.umap
[2016.12.02-04.07.35:130][992]LogFileHelpers: Saving map 'ThirdPersonExampleMap' took 0.186
[2016.12.02-04.43.05:193][957]LogTexture:Display: Building textures: terrain_11_2_Green (BGRA8)
[2016.12.02-04.43.05:199][957]LogTexture:Display: Building textures: terrainTilesetBlue (BGRA8)
[2016.12.02-04.43.05:207][957]LogTexture:Display: Building textures: terrainTilesetGreen (BGRA8)
[2016.12.02-04.43.05:213][957]LogTexture:Display: Building textures: terrainTilesetRed (BGRA8)
[2016.12.02-04.43.07:536][ 81]LogSavePackage: Save=5.69ms
[2016.12.02-04.43.07:536][ 81]LogSavePackage: Moving '../../../../../../Users/Kirby/Documents/GitHub/GDP_Final/Saved/terrain_11_2_Green6A69115E44CC537977A8B88652681897.tmp' to '../../../../../../Users/Kirby/Documents/GitHub/GDP_Final/Content/Assets/Original/Terrain/terrain_11_2_Green.uasset'
[2016.12.02-04.43.07:542][ 81]LogSavePackage:Display: Finished SavePackage ../../../../../../Users/Kirby/Documents/GitHub/GDP_Final/Content/Assets/Original/Terrain/terrain_11_2_Green.uasset
[2016.12.02-04.43.07:560][ 81]LogSavePackage: Save=3.00ms
[2016.12.02-04.43.07:560][ 81]LogSavePackage: Moving '../../../../../../Users/Kirby/Documents/GitHub/GDP_Final/Saved/terrainTilesetBlue3422906A4B6A23F2F69DD49F1F6F1EBF.tmp' to '../../../../../../Users/Kirby/Documents/GitHub/GDP_Final/Content/Assets/Original/Terrain/terrainTilesetBlue.uasset'
[2016.12.02-04.43.07:565][ 81]LogSavePackage:Display: Finished SavePackage ../../../../../../Users/Kirby/Documents/GitHub/GDP_Final/Content/Assets/Original/Terrain/terrainTilesetBlue.uasset
[2016.12.02-04.43.07:583][ 81]LogSavePackage: Save=4.22ms
[2016.12.02-04.43.07:583][ 81]LogSavePackage: Moving '../../../../../../Users/Kirby/Documents/GitHub/GDP_Final/Saved/terrainTilesetGreen194F9DC14FD6D923144AAEA89E89E5DB.tmp' to '../../../../../../Users/Kirby/Documents/GitHub/GDP_Final/Content/Assets/Original/Terrain/terrainTilesetGreen.uasset'
[2016.12.02-04.43.07:589][ 81]LogSavePackage:Display: Finished SavePackage ../../../../../../Users/Kirby/Documents/GitHub/GDP_Final/Content/Assets/Original/Terrain/terrainTilesetGreen.uasset
[2016.12.02-04.43.07:607][ 81]LogSavePackage: Save=3.47ms
[2016.12.02-04.43.07:607][ 81]LogSavePackage: Moving '../../../../../../Users/Kirby/Documents/GitHub/GDP_Final/Saved/terrainTilesetRedC7E0063D46D0662F8DE913B5A3B5D3D1.tmp' to '../../../../../../Users/Kirby/Documents/GitHub/GDP_Final/Content/Assets/Original/Terrain/terrainTilesetRed.uasset'
[2016.12.02-04.43.07:612][ 81]LogSavePackage:Display: Finished SavePackage ../../../../../../Users/Kirby/Documents/GitHub/GDP_Final/Content/Assets/Original/Terrain/terrainTilesetRed.uasset
[2016.12.02-04.43.07:959][ 81]LogSavePackage: Save=6.74ms
[2016.12.02-04.43.07:959][ 81]LogSavePackage: Moving '../../../../../../Users/Kirby/Documents/GitHub/GDP_Final/Saved/terrainTilesetBlue_TileSet221F203A4582A3746AA9D5BE6531BB19.tmp' to '../../../../../../Users/Kirby/Documents/GitHub/GDP_Final/Content/Assets/Tilesets/Forest/terrainTilesetBlue_TileSet.uasset'
[2016.12.02-04.43.07:961][ 81]LogSavePackage:Display: Finished SavePackage ../../../../../../Users/Kirby/Documents/GitHub/GDP_Final/Content/Assets/Tilesets/Forest/terrainTilesetBlue_TileSet.uasset
[2016.12.02-04.43.07:992][ 81]LogSavePackage: Save=5.89ms
[2016.12.02-04.43.07:992][ 81]LogSavePackage: Moving '../../../../../../Users/Kirby/Documents/GitHub/GDP_Final/Saved/terrainTilesetGreen_TileSet87190E474568B4EB511F28BBFA2E222A.tmp' to '../../../../../../Users/Kirby/Documents/GitHub/GDP_Final/Content/Assets/Tilesets/Forest/terrainTilesetGreen_TileSet.uasset'
[2016.12.02-04.43.07:995][ 81]LogSavePackage:Display: Finished SavePackage ../../../../../../Users/Kirby/Documents/GitHub/GDP_Final/Content/Assets/Tilesets/Forest/terrainTilesetGreen_TileSet.uasset
[2016.12.02-04.43.08:031][ 81]LogSavePackage: Save=6.01ms
[2016.12.02-04.43.08:031][ 81]LogSavePackage: Moving '../../../../../../Users/Kirby/Documents/GitHub/GDP_Final/Saved/terrainTilesetRed_TileSet39305830401912B52D5D559ED592FA38.tmp' to '../../../../../../Users/Kirby/Documents/GitHub/GDP_Final/Content/Assets/Tilesets/Forest/terrainTilesetRed_TileSet.uasset'
[2016.12.02-04.43.08:034][ 81]LogSavePackage:Display: Finished SavePackage ../../../../../../Users/Kirby/Documents/GitHub/GDP_Final/Content/Assets/Tilesets/Forest/terrainTilesetRed_TileSet.uasset
[2016.12.02-04.43.14:087][424]Cmd: OBJ SAVEPACKAGE PACKAGE="/Game/Assets/Original/Terrain/dB_tsp" FILE="../../../../../../Users/Kirby/Documents/GitHub/GDP_Final/Content/Assets/Original/Terrain/dB_tsp.uasset" SILENT=true
[2016.12.02-04.43.14:092][424]LogSavePackage: Save=3.24ms
[2016.12.02-04.43.14:092][424]LogSavePackage: Moving '../../../../../../Users/Kirby/Documents/GitHub/GDP_Final/Saved/dB_tsp8E1DF9A5466EE0E898595791D0372B1E.tmp' to '../../../../../../Users/Kirby/Documents/GitHub/GDP_Final/Content/Assets/Original/Terrain/dB_tsp.uasset'
[2016.12.02-04.43.14:098][424]LogSavePackage:Display: Finished SavePackage ../../../../../../Users/Kirby/Documents/GitHub/GDP_Final/Content/Assets/Original/Terrain/dB_tsp.uasset
[2016.12.02-04.43.14:105][424]Cmd: OBJ SAVEPACKAGE PACKAGE="/Game/Assets/Original/Terrain/dg_tsp" FILE="../../../../../../Users/Kirby/Documents/GitHub/GDP_Final/Content/Assets/Original/Terrain/dg_tsp.uasset" SILENT=true
[2016.12.02-04.43.14:110][424]LogSavePackage: Save=3.11ms
[2016.12.02-04.43.14:110][424]LogSavePackage: Moving '../../../../../../Users/Kirby/Documents/GitHub/GDP_Final/Saved/dg_tsp2071A09A48DBCAFBD9EF068D089822E2.tmp' to '../../../../../../Users/Kirby/Documents/GitHub/GDP_Final/Content/Assets/Original/Terrain/dg_tsp.uasset'
[2016.12.02-04.43.14:115][424]LogSavePackage:Display: Finished SavePackage ../../../../../../Users/Kirby/Documents/GitHub/GDP_Final/Content/Assets/Original/Terrain/dg_tsp.uasset
[2016.12.02-04.43.14:121][424]Cmd: OBJ SAVEPACKAGE PACKAGE="/Game/Assets/Original/Terrain/dR_tsp" FILE="../../../../../../Users/Kirby/Documents/GitHub/GDP_Final/Content/Assets/Original/Terrain/dR_tsp.uasset" SILENT=true
[2016.12.02-04.43.14:127][424]LogSavePackage: Save=3.88ms
[2016.12.02-04.43.14:127][424]LogSavePackage: Moving '../../../../../../Users/Kirby/Documents/GitHub/GDP_Final/Saved/dR_tsp5375EBD14A4ADED10FB4E7A00ABFA5C0.tmp' to '../../../../../../Users/Kirby/Documents/GitHub/GDP_Final/Content/Assets/Original/Terrain/dR_tsp.uasset'
[2016.12.02-04.43.14:133][424]LogSavePackage:Display: Finished SavePackage ../../../../../../Users/Kirby/Documents/GitHub/GDP_Final/Content/Assets/Original/Terrain/dR_tsp.uasset
[2016.12.02-04.43.14:397][424]Cmd: OBJ SAVEPACKAGE PACKAGE="/Game/Assets/Tilesets/Temple/dB_tsp_TileSet" FILE="../../../../../../Users/Kirby/Documents/GitHub/GDP_Final/Content/Assets/Tilesets/Temple/dB_tsp_TileSet.uasset" SILENT=true
[2016.12.02-04.43.14:418][424]LogSavePackage: Save=9.33ms
[2016.12.02-04.43.14:418][424]LogSavePackage: Moving '../../../../../../Users/Kirby/Documents/GitHub/GDP_Final/Saved/dB_tsp_TileSet49912DE946DE61A161C3BD8EE8361C45.tmp' to '../../../../../../Users/Kirby/Documents/GitHub/GDP_Final/Content/Assets/Tilesets/Temple/dB_tsp_TileSet.uasset'
[2016.12.02-04.43.14:421][424]LogSavePackage:Display: Finished SavePackage ../../../../../../Users/Kirby/Documents/GitHub/GDP_Final/Content/Assets/Tilesets/Temple/dB_tsp_TileSet.uasset
[2016.12.02-04.43.14:435][424]Cmd: OBJ SAVEPACKAGE PACKAGE="/Game/Assets/Tilesets/Temple/dg_tsp_TileSet" FILE="../../../../../../Users/Kirby/Documents/GitHub/GDP_Final/Content/Assets/Tilesets/Temple/dg_tsp_TileSet.uasset" SILENT=true
[2016.12.02-04.43.14:455][424]LogSavePackage: Save=10.12ms
[2016.12.02-04.43.14:455][424]LogSavePackage: Moving '../../../../../../Users/Kirby/Documents/GitHub/GDP_Final/Saved/dg_tsp_TileSet0FABFB6E4320B4888DBE97960497147C.tmp' to '../../../../../../Users/Kirby/Documents/GitHub/GDP_Final/Content/Assets/Tilesets/Temple/dg_tsp_TileSet.uasset'
[2016.12.02-04.43.14:458][424]LogSavePackage:Display: Finished SavePackage ../../../../../../Users/Kirby/Documents/GitHub/GDP_Final/Content/Assets/Tilesets/Temple/dg_tsp_TileSet.uasset
[2016.12.02-04.43.14:471][424]Cmd: OBJ SAVEPACKAGE PACKAGE="/Game/Assets/Tilesets/Temple/dR_tsp_TileSet" FILE="../../../../../../Users/Kirby/Documents/GitHub/GDP_Final/Content/Assets/Tilesets/Temple/dR_tsp_TileSet.uasset" SILENT=true
[2016.12.02-04.43.14:491][424]LogSavePackage: Save=9.29ms
[2016.12.02-04.43.14:492][424]LogSavePackage: Moving '../../../../../../Users/Kirby/Documents/GitHub/GDP_Final/Saved/dR_tsp_TileSetEAEF74684DBE2FE2C2D364A000EC554C.tmp' to '../../../../../../Users/Kirby/Documents/GitHub/GDP_Final/Content/Assets/Tilesets/Temple/dR_tsp_TileSet.uasset'
[2016.12.02-04.43.14:495][424]LogSavePackage:Display: Finished SavePackage ../../../../../../Users/Kirby/Documents/GitHub/GDP_Final/Content/Assets/Tilesets/Temple/dR_tsp_TileSet.uasset
[2016.12.02-04.43.27:722][191]Cmd: OBJ SAVEPACKAGE PACKAGE="/Game/Assets/Original/Character/char_R" FILE="../../../../../../Users/Kirby/Documents/GitHub/GDP_Final/Content/Assets/Original/Character/char_R.uasset" SILENT=true
[2016.12.02-04.43.27:727][191]LogSavePackage: Save=3.25ms
[2016.12.02-04.43.27:727][191]LogSavePackage: Moving '../../../../../../Users/Kirby/Documents/GitHub/GDP_Final/Saved/char_R86EA3C344E985008A34C0691001BD728.tmp' to '../../../../../../Users/Kirby/Documents/GitHub/GDP_Final/Content/Assets/Original/Character/char_R.uasset'
[2016.12.02-04.43.27:733][191]LogSavePackage:Display: Finished SavePackage ../../../../../../Users/Kirby/Documents/GitHub/GDP_Final/Content/Assets/Original/Character/char_R.uasset
[2016.12.02-04.43.27:741][191]Cmd: OBJ SAVEPACKAGE PACKAGE="/Game/Assets/Original/Character/main_Char_B" FILE="../../../../../../Users/Kirby/Documents/GitHub/GDP_Final/Content/Assets/Original/Character/main_Char_B.uasset" SILENT=true
[2016.12.02-04.43.27:745][191]LogSavePackage: Save=2.63ms
[2016.12.02-04.43.27:745][191]LogSavePackage: Moving '../../../../../../Users/Kirby/Documents/GitHub/GDP_Final/Saved/main_Char_B3817766E4516F3F48AE5DFBF82E09173.tmp' to '../../../../../../Users/Kirby/Documents/GitHub/GDP_Final/Content/Assets/Original/Character/main_Char_B.uasset'
[2016.12.02-04.43.27:750][191]LogSavePackage:Display: Finished SavePackage ../../../../../../Users/Kirby/Documents/GitHub/GDP_Final/Content/Assets/Original/Character/main_Char_B.uasset
[2016.12.02-04.43.27:755][191]Cmd: OBJ SAVEPACKAGE PACKAGE="/Game/Assets/Original/Character/main_Char_G" FILE="../../../../../../Users/Kirby/Documents/GitHub/GDP_Final/Content/Assets/Original/Character/main_Char_G.uasset" SILENT=true
[2016.12.02-04.43.27:762][191]LogSavePackage: Save=2.93ms
[2016.12.02-04.43.27:762][191]LogSavePackage: Moving '../../../../../../Users/Kirby/Documents/GitHub/GDP_Final/Saved/main_Char_G8D2D29B3453AF3511B8466BFA368935D.tmp' to '../../../../../../Users/Kirby/Documents/GitHub/GDP_Final/Content/Assets/Original/Character/main_Char_G.uasset'
[2016.12.02-04.43.27:768][191]LogSavePackage:Display: Finished SavePackage ../../../../../../Users/Kirby/Documents/GitHub/GDP_Final/Content/Assets/Original/Character/main_Char_G.uasset
[2016.12.02-04.43.28:030][191]Cmd: OBJ SAVEPACKAGE PACKAGE="/Game/Assets/Characters/Red/char_R_Sprite_0" FILE="../../../../../../Users/Kirby/Documents/GitHub/GDP_Final/Content/Assets/Characters/Red/char_R_Sprite_0.uasset" SILENT=true
[2016.12.02-04.43.28:047][191]LogSavePackage: Save=6.07ms
[2016.12.02-04.43.28:047][191]LogSavePackage: Moving '../../../../../../Users/Kirby/Documents/GitHub/GDP_Final/Saved/char_R_Sprite_0B72C5E254EE9CAD7AE2D72BD2558A1E5.tmp' to '../../../../../../Users/Kirby/Documents/GitHub/GDP_Final/Content/Assets/Characters/Red/char_R_Sprite_0.uasset'
[2016.12.02-04.43.28:050][191]LogSavePackage:Display: Finished SavePackage ../../../../../../Users/Kirby/Documents/GitHub/GDP_Final/Content/Assets/Characters/Red/char_R_Sprite_0.uasset
[2016.12.02-04.43.28:068][191]Cmd: OBJ SAVEPACKAGE PACKAGE="/Game/Assets/Characters/Red/char_R_Sprite_1" FILE="../../../../../../Users/Kirby/Documents/GitHub/GDP_Final/Content/Assets/Characters/Red/char_R_Sprite_1.uasset" SILENT=true
[2016.12.02-04.43.28:084][191]LogSavePackage: Save=5.93ms
[2016.12.02-04.43.28:084][191]LogSavePackage: Moving '../../../../../../Users/Kirby/Documents/GitHub/GDP_Final/Saved/char_R_Sprite_1393AA3454A1655831C037AB8427BB2F6.tmp' to '../../../../../../Users/Kirby/Documents/GitHub/GDP_Final/Content/Assets/Characters/Red/char_R_Sprite_1.uasset'
[2016.12.02-04.43.28:087][191]LogSavePackage:Display: Finished SavePackage ../../../../../../Users/Kirby/Documents/GitHub/GDP_Final/Content/Assets/Characters/Red/char_R_Sprite_1.uasset
[2016.12.02-04.43.28:100][191]Cmd: OBJ SAVEPACKAGE PACKAGE="/Game/Assets/Characters/Red/char_R_Sprite_2" FILE="../../../../../../Users/Kirby/Documents/GitHub/GDP_Final/Content/Assets/Characters/Red/char_R_Sprite_2.uasset" SILENT=true
[2016.12.02-04.43.28:116][191]LogSavePackage: Save=6.08ms
[2016.12.02-04.43.28:116][191]LogSavePackage: Moving '../../../../../../Users/Kirby/Documents/GitHub/GDP_Final/Saved/char_R_Sprite_242023A3D4A08F8286F4F34A94C8418DF.tmp' to '../../../../../../Users/Kirby/Documents/GitHub/GDP_Final/Content/Assets/Characters/Red/char_R_Sprite_2.uasset'
[2016.12.02-04.43.28:118][191]LogSavePackage:Display: Finished SavePackage ../../../../../../Users/Kirby/Documents/GitHub/GDP_Final/Content/Assets/Characters/Red/char_R_Sprite_2.uasset
[2016.12.02-04.43.28:129][191]Cmd: OBJ SAVEPACKAGE PACKAGE="/Game/Assets/Characters/Red/char_R_Sprite_3" FILE="../../../../../../Users/Kirby/Documents/GitHub/GDP_Final/Content/Assets/Characters/Red/char_R_Sprite_3.uasset" SILENT=true
[2016.12.02-04.43.28:146][191]LogSavePackage: Save=5.80ms
[2016.12.02-04.43.28:146][191]LogSavePackage: Moving '../../../../../../Users/Kirby/Documents/GitHub/GDP_Final/Saved/char_R_Sprite_30FD332794B56E55CA7817DA747510DA0.tmp' to '../../../../../../Users/Kirby/Documents/GitHub/GDP_Final/Content/Assets/Characters/Red/char_R_Sprite_3.uasset'
[2016.12.02-04.43.28:149][191]LogSavePackage:Display: Finished SavePackage ../../../../../../Users/Kirby/Documents/GitHub/GDP_Final/Content/Assets/Characters/Red/char_R_Sprite_3.uasset
[2016.12.02-04.43.28:161][191]Cmd: OBJ SAVEPACKAGE PACKAGE="/Game/Assets/Characters/Red/char_R_Sprite_4" FILE="../../../../../../Users/Kirby/Documents/GitHub/GDP_Final/Content/Assets/Characters/Red/char_R_Sprite_4.uasset" SILENT=true
[2016.12.02-04.43.28:177][191]LogSavePackage: Save=6.01ms
[2016.12.02-04.43.28:178][191]LogSavePackage: Moving '../../../../../../Users/Kirby/Documents/GitHub/GDP_Final/Saved/char_R_Sprite_41D9D13BB4772D238EC536AA574AF278B.tmp' to '../../../../../../Users/Kirby/Documents/GitHub/GDP_Final/Content/Assets/Characters/Red/char_R_Sprite_4.uasset'
[2016.12.02-04.43.28:180][191]LogSavePackage:Display: Finished SavePackage ../../../../../../Users/Kirby/Documents/GitHub/GDP_Final/Content/Assets/Characters/Red/char_R_Sprite_4.uasset
[2016.12.02-04.43.28:193][191]Cmd: OBJ SAVEPACKAGE PACKAGE="/Game/Assets/Characters/Red/char_R_Sprite_5" FILE="../../../../../../Users/Kirby/Documents/GitHub/GDP_Final/Content/Assets/Characters/Red/char_R_Sprite_5.uasset" SILENT=true
[2016.12.02-04.43.28:209][191]LogSavePackage: Save=5.45ms
[2016.12.02-04.43.28:209][191]LogSavePackage: Moving '../../../../../../Users/Kirby/Documents/GitHub/GDP_Final/Saved/char_R_Sprite_509E43AAA49C93BD34DF372882D6F86FB.tmp' to '../../../../../../Users/Kirby/Documents/GitHub/GDP_Final/Content/Assets/Characters/Red/char_R_Sprite_5.uasset'
[2016.12.02-04.43.28:212][191]LogSavePackage:Display: Finished SavePackage ../../../../../../Users/Kirby/Documents/GitHub/GDP_Final/Content/Assets/Characters/Red/char_R_Sprite_5.uasset
[2016.12.02-04.43.28:224][191]Cmd: OBJ SAVEPACKAGE PACKAGE="/Game/Assets/Characters/Red/char_R_Sprite_6" FILE="../../../../../../Users/Kirby/Documents/GitHub/GDP_Final/Content/Assets/Characters/Red/char_R_Sprite_6.uasset" SILENT=true
[2016.12.02-04.43.28:242][191]LogSavePackage: Save=6.79ms
[2016.12.02-04.43.28:242][191]LogSavePackage: Moving '../../../../../../Users/Kirby/Documents/GitHub/GDP_Final/Saved/char_R_Sprite_60A365F8A4804D45172619294DF0A9B6B.tmp' to '../../../../../../Users/Kirby/Documents/GitHub/GDP_Final/Content/Assets/Characters/Red/char_R_Sprite_6.uasset'
[2016.12.02-04.43.28:245][191]LogSavePackage:Display: Finished SavePackage ../../../../../../Users/Kirby/Documents/GitHub/GDP_Final/Content/Assets/Characters/Red/char_R_Sprite_6.uasset
[2016.12.02-04.43.28:260][191]Cmd: OBJ SAVEPACKAGE PACKAGE="/Game/Assets/Characters/Red/char_R_Sprite_7" FILE="../../../../../../Users/Kirby/Documents/GitHub/GDP_Final/Content/Assets/Characters/Red/char_R_Sprite_7.uasset" SILENT=true
[2016.12.02-04.43.28:278][191]LogSavePackage: Save=6.46ms
[2016.12.02-04.43.28:278][191]LogSavePackage: Moving '../../../../../../Users/Kirby/Documents/GitHub/GDP_Final/Saved/char_R_Sprite_76C31D78E4B295662860793A059F2E126.tmp' to '../../../../../../Users/Kirby/Documents/GitHub/GDP_Final/Content/Assets/Characters/Red/char_R_Sprite_7.uasset'
[2016.12.02-04.43.28:280][191]LogSavePackage:Display: Finished SavePackage ../../../../../../Users/Kirby/Documents/GitHub/GDP_Final/Content/Assets/Characters/Red/char_R_Sprite_7.uasset
[2016.12.02-04.43.28:314][191]LogSavePackage: Save=5.76ms
[2016.12.02-04.43.28:314][191]LogSavePackage: Moving '../../../../../../Users/Kirby/Documents/GitHub/GDP_Final/Saved/main_Char_B_Sprite_05266672046E6BE799CBA0BA7FC4D6C8A.tmp' to '../../../../../../Users/Kirby/Documents/GitHub/GDP_Final/Content/Assets/Characters/Blue/main_Char_B_Sprite_0.uasset'
[2016.12.02-04.43.28:317][191]LogSavePackage:Display: Finished SavePackage ../../../../../../Users/Kirby/Documents/GitHub/GDP_Final/Content/Assets/Characters/Blue/main_Char_B_Sprite_0.uasset
[2016.12.02-04.43.28:351][191]LogSavePackage: Save=6.49ms
[2016.12.02-04.43.28:351][191]LogSavePackage: Moving '../../../../../../Users/Kirby/Documents/GitHub/GDP_Final/Saved/main_Char_B_Sprite_1ED0529EB461D73B8EB5FDF8CD91F0E80.tmp' to '../../../../../../Users/Kirby/Documents/GitHub/GDP_Final/Content/Assets/Characters/Blue/main_Char_B_Sprite_1.uasset'
[2016.12.02-04.43.28:355][191]LogSavePackage:Display: Finished SavePackage ../../../../../../Users/Kirby/Documents/GitHub/GDP_Final/Content/Assets/Characters/Blue/main_Char_B_Sprite_1.uasset
[2016.12.02-04.43.28:391][191]LogSavePackage: Save=5.53ms
[2016.12.02-04.43.28:391][191]LogSavePackage: Moving '../../../../../../Users/Kirby/Documents/GitHub/GDP_Final/Saved/main_Char_B_Sprite_2FA2B84534507A88C4C8588B77AB7D696.tmp' to '../../../../../../Users/Kirby/Documents/GitHub/GDP_Final/Content/Assets/Characters/Blue/main_Char_B_Sprite_2.uasset'
[2016.12.02-04.43.28:394][191]LogSavePackage:Display: Finished SavePackage ../../../../../../Users/Kirby/Documents/GitHub/GDP_Final/Content/Assets/Characters/Blue/main_Char_B_Sprite_2.uasset
[2016.12.02-04.43.28:429][191]LogSavePackage: Save=6.26ms
[2016.12.02-04.43.28:429][191]LogSavePackage: Moving '../../../../../../Users/Kirby/Documents/GitHub/GDP_Final/Saved/main_Char_B_Sprite_32444C940450653BBA3F5F7913C82C2D8.tmp' to '../../../../../../Users/Kirby/Documents/GitHub/GDP_Final/Content/Assets/Characters/Blue/main_Char_B_Sprite_3.uasset'
[2016.12.02-04.43.28:432][191]LogSavePackage:Display: Finished SavePackage ../../../../../../Users/Kirby/Documents/GitHub/GDP_Final/Content/Assets/Characters/Blue/main_Char_B_Sprite_3.uasset
[2016.12.02-04.43.28:465][191]LogSavePackage: Save=5.35ms
[2016.12.02-04.43.28:465][191]LogSavePackage: Moving '../../../../../../Users/Kirby/Documents/GitHub/GDP_Final/Saved/main_Char_B_Sprite_470F0E0994958A0F87C71638E477DEBE3.tmp' to '../../../../../../Users/Kirby/Documents/GitHub/GDP_Final/Content/Assets/Characters/Blue/main_Char_B_Sprite_4.uasset'
[2016.12.02-04.43.28:468][191]LogSavePackage:Display: Finished SavePackage ../../../../../../Users/Kirby/Documents/GitHub/GDP_Final/Content/Assets/Characters/Blue/main_Char_B_Sprite_4.uasset
[2016.12.02-04.43.28:502][191]LogSavePackage: Save=5.50ms
[2016.12.02-04.43.28:502][191]LogSavePackage: Moving '../../../../../../Users/Kirby/Documents/GitHub/GDP_Final/Saved/main_Char_B_Sprite_579A9B3404E94E713013023AAFBA55BC2.tmp' to '../../../../../../Users/Kirby/Documents/GitHub/GDP_Final/Content/Assets/Characters/Blue/main_Char_B_Sprite_5.uasset'
[2016.12.02-04.43.28:505][191]LogSavePackage:Display: Finished SavePackage ../../../../../../Users/Kirby/Documents/GitHub/GDP_Final/Content/Assets/Characters/Blue/main_Char_B_Sprite_5.uasset
[2016.12.02-04.43.28:538][191]LogSavePackage: Save=5.18ms
[2016.12.02-04.43.28:538][191]LogSavePackage: Moving '../../../../../../Users/Kirby/Documents/GitHub/GDP_Final/Saved/main_Char_B_Sprite_6BAB6E04F432978A7C009129F1A4E885E.tmp' to '../../../../../../Users/Kirby/Documents/GitHub/GDP_Final/Content/Assets/Characters/Blue/main_Char_B_Sprite_6.uasset'
[2016.12.02-04.43.28:542][191]LogSavePackage:Display: Finished SavePackage ../../../../../../Users/Kirby/Documents/GitHub/GDP_Final/Content/Assets/Characters/Blue/main_Char_B_Sprite_6.uasset
[2016.12.02-04.43.28:580][191]LogSavePackage: Save=6.63ms
[2016.12.02-04.43.28:580][191]LogSavePackage: Moving '../../../../../../Users/Kirby/Documents/GitHub/GDP_Final/Saved/main_Char_B_Sprite_71A2E0C574FBAFDE715733F97715119E7.tmp' to '../../../../../../Users/Kirby/Documents/GitHub/GDP_Final/Content/Assets/Characters/Blue/main_Char_B_Sprite_7.uasset'
[2016.12.02-04.43.28:582][191]LogSavePackage:Display: Finished SavePackage ../../../../../../Users/Kirby/Documents/GitHub/GDP_Final/Content/Assets/Characters/Blue/main_Char_B_Sprite_7.uasset
[2016.12.02-04.43.28:610][191]LogSavePackage: Save=5.17ms
[2016.12.02-04.43.28:610][191]LogSavePackage: Moving '../../../../../../Users/Kirby/Documents/GitHub/GDP_Final/Saved/main_Char_G_Sprite_0376BF1EE41AECF093C605EB7E2D9F24B.tmp' to '../../../../../../Users/Kirby/Documents/GitHub/GDP_Final/Content/Assets/Characters/Green/main_Char_G_Sprite_0.uasset'
[2016.12.02-04.43.28:614][191]LogSavePackage:Display: Finished SavePackage ../../../../../../Users/Kirby/Documents/GitHub/GDP_Final/Content/Assets/Characters/Green/main_Char_G_Sprite_0.uasset
[2016.12.02-04.43.28:644][191]LogSavePackage: Save=5.64ms
[2016.12.02-04.43.28:644][191]LogSavePackage: Moving '../../../../../../Users/Kirby/Documents/GitHub/GDP_Final/Saved/main_Char_G_Sprite_12DEFBF414A5B32C32FF64397B8124D24.tmp' to '../../../../../../Users/Kirby/Documents/GitHub/GDP_Final/Content/Assets/Characters/Green/main_Char_G_Sprite_1.uasset'
[2016.12.02-04.43.28:647][191]LogSavePackage:Display: Finished SavePackage ../../../../../../Users/Kirby/Documents/GitHub/GDP_Final/Content/Assets/Characters/Green/main_Char_G_Sprite_1.uasset
[2016.12.02-04.43.28:676][191]LogSavePackage: Save=5.32ms
[2016.12.02-04.43.28:676][191]LogSavePackage: Moving '../../../../../../Users/Kirby/Documents/GitHub/GDP_Final/Saved/main_Char_G_Sprite_2EE5269B946A8544BA5DEDBA63B8FDA86.tmp' to '../../../../../../Users/Kirby/Documents/GitHub/GDP_Final/Content/Assets/Characters/Green/main_Char_G_Sprite_2.uasset'
[2016.12.02-04.43.28:679][191]LogSavePackage:Display: Finished SavePackage ../../../../../../Users/Kirby/Documents/GitHub/GDP_Final/Content/Assets/Characters/Green/main_Char_G_Sprite_2.uasset
[2016.12.02-04.43.28:709][191]LogSavePackage: Save=5.26ms
[2016.12.02-04.43.28:709][191]LogSavePackage: Moving '../../../../../../Users/Kirby/Documents/GitHub/GDP_Final/Saved/main_Char_G_Sprite_37BC00DE3483870F26F7934B20C9AEAE7.tmp' to '../../../../../../Users/Kirby/Documents/GitHub/GDP_Final/Content/Assets/Characters/Green/main_Char_G_Sprite_3.uasset'
[2016.12.02-04.43.28:712][191]LogSavePackage:Display: Finished SavePackage ../../../../../../Users/Kirby/Documents/GitHub/GDP_Final/Content/Assets/Characters/Green/main_Char_G_Sprite_3.uasset
[2016.12.02-04.43.28:741][191]LogSavePackage: Save=5.21ms
[2016.12.02-04.43.28:741][191]LogSavePackage: Moving '../../../../../../Users/Kirby/Documents/GitHub/GDP_Final/Saved/main_Char_G_Sprite_4E612FF4946E064DA1F7F04B94C145999.tmp' to '../../../../../../Users/Kirby/Documents/GitHub/GDP_Final/Content/Assets/Characters/Green/main_Char_G_Sprite_4.uasset'
[2016.12.02-04.43.28:745][191]LogSavePackage:Display: Finished SavePackage ../../../../../../Users/Kirby/Documents/GitHub/GDP_Final/Content/Assets/Characters/Green/main_Char_G_Sprite_4.uasset
[2016.12.02-04.43.28:772][191]LogSavePackage: Save=5.99ms
[2016.12.02-04.43.28:772][191]LogSavePackage: Moving '../../../../../../Users/Kirby/Documents/GitHub/GDP_Final/Saved/main_Char_G_Sprite_5F3C47DB24070B2CB7E329DA19DF08240.tmp' to '../../../../../../Users/Kirby/Documents/GitHub/GDP_Final/Content/Assets/Characters/Green/main_Char_G_Sprite_5.uasset'
[2016.12.02-04.43.28:776][191]LogSavePackage:Display: Finished SavePackage ../../../../../../Users/Kirby/Documents/GitHub/GDP_Final/Content/Assets/Characters/Green/main_Char_G_Sprite_5.uasset
[2016.12.02-04.43.28:804][191]LogSavePackage: Save=5.60ms
[2016.12.02-04.43.28:804][191]LogSavePackage: Moving '../../../../../../Users/Kirby/Documents/GitHub/GDP_Final/Saved/main_Char_G_Sprite_64B29B4B94493DA928C625DB2F6109BD0.tmp' to '../../../../../../Users/Kirby/Documents/GitHub/GDP_Final/Content/Assets/Characters/Green/main_Char_G_Sprite_6.uasset'
[2016.12.02-04.43.28:807][191]LogSavePackage:Display: Finished SavePackage ../../../../../../Users/Kirby/Documents/GitHub/GDP_Final/Content/Assets/Characters/Green/main_Char_G_Sprite_6.uasset
[2016.12.02-04.43.28:835][191]LogSavePackage: Save=5.47ms
[2016.12.02-04.43.28:835][191]LogSavePackage: Moving '../../../../../../Users/Kirby/Documents/GitHub/GDP_Final/Saved/main_Char_G_Sprite_7F3B019E54AE4483074DD7183E509C6C8.tmp' to '../../../../../../Users/Kirby/Documents/GitHub/GDP_Final/Content/Assets/Characters/Green/main_Char_G_Sprite_7.uasset'
[2016.12.02-04.43.28:838][191]LogSavePackage:Display: Finished SavePackage ../../../../../../Users/Kirby/Documents/GitHub/GDP_Final/Content/Assets/Characters/Green/main_Char_G_Sprite_7.uasset
[2016.12.02-04.43.50:846][948]LogFactory: FactoryCreateFile: Texture with ReimportTextureFactory (0 0 C:\Users\Kirby\Documents\Game Design\GDP\Bush1.png)
[2016.12.02-04.43.50:858][948]LogTexture:Display: Building textures: Bush1 (AutoDXT)
[2016.12.02-04.43.50:873][948]LogFactory: FactoryCreateFile: Texture with ReimportTextureFactory (0 0 C:\Users\Kirby\Documents\Game Design\GDP\Bush2.png)
[2016.12.02-04.43.50:876][948]LogTexture:Display: Building textures: Bush2 (AutoDXT)
[2016.12.02-04.43.50:888][948]LogFactory: FactoryCreateFile: Texture with ReimportTextureFactory (0 0 C:\Users\Kirby\Documents\Game Design\GDP\Bush3.png)
[2016.12.02-04.43.50:891][948]LogTexture:Display: Building textures: Bush3 (AutoDXT)
[2016.12.02-04.44.01:297][467]LogTexture:Display: Building textures: Bush1 (BGRA8)
[2016.12.02-04.44.01:302][467]LogTexture:Display: Building textures: Bush2 (BGRA8)
[2016.12.02-04.44.01:306][467]LogTexture:Display: Building textures: Bush3 (BGRA8)
[2016.12.02-04.45.08:899][357]LogFileHelpers: Editor autosave (incl. sublevels) for '/Game/ThirdPersonBP/Maps/ThirdPersonExampleMap' took 0.024
[2016.12.02-04.45.08:902][357]OBJ SavePackage: Generating thumbnails for [1] asset(s) in package [/Game/Assets/Original/Doodads/Bush3] ([1] browsable assets)...
[2016.12.02-04.45.08:902][357]OBJ SavePackage:     Rendered thumbnail for [Texture2D /Game/Assets/Original/Doodads/Bush3.Bush3]
[2016.12.02-04.45.08:902][357]OBJ SavePackage: Finished generating thumbnails for package [/Game/Assets/Original/Doodads/Bush3]
[2016.12.02-04.45.08:907][357]LogSavePackage: Save=3.01ms
[2016.12.02-04.45.08:907][357]LogSavePackage: Moving '../../../../../../Users/Kirby/Documents/GitHub/GDP_Final/Saved/Bush3_Auto10E6BFB73462027B0308C06AAA09F4317.tmp' to '../../../../../../Users/Kirby/Documents/GitHub/GDP_Final/Saved/Autosaves/Game/Assets/Original/Doodads/Bush3_Auto1.uasset'
[2016.12.02-04.45.08:910][357]LogSavePackage:Display: Finished SavePackage ../../../../../../Users/Kirby/Documents/GitHub/GDP_Final/Saved/Autosaves/Game/Assets/Original/Doodads/Bush3_Auto1.uasset
[2016.12.02-04.45.08:911][357]OBJ SavePackage: Generating thumbnails for [1] asset(s) in package [/Game/Assets/Original/Doodads/Bush2] ([1] browsable assets)...
[2016.12.02-04.45.08:912][357]OBJ SavePackage:     Rendered thumbnail for [Texture2D /Game/Assets/Original/Doodads/Bush2.Bush2]
[2016.12.02-04.45.08:912][357]OBJ SavePackage: Finished generating thumbnails for package [/Game/Assets/Original/Doodads/Bush2]
[2016.12.02-04.45.08:916][357]LogSavePackage: Save=2.17ms
[2016.12.02-04.45.08:916][357]LogSavePackage: Moving '../../../../../../Users/Kirby/Documents/GitHub/GDP_Final/Saved/Bush2_Auto1D682EFFF4B23C924858A9493B7F8CD37.tmp' to '../../../../../../Users/Kirby/Documents/GitHub/GDP_Final/Saved/Autosaves/Game/Assets/Original/Doodads/Bush2_Auto1.uasset'
[2016.12.02-04.45.08:920][357]LogSavePackage:Display: Finished SavePackage ../../../../../../Users/Kirby/Documents/GitHub/GDP_Final/Saved/Autosaves/Game/Assets/Original/Doodads/Bush2_Auto1.uasset
[2016.12.02-04.45.08:921][357]OBJ SavePackage: Generating thumbnails for [1] asset(s) in package [/Game/Assets/Original/Doodads/Bush1] ([1] browsable assets)...
[2016.12.02-04.45.08:922][357]OBJ SavePackage:     Rendered thumbnail for [Texture2D /Game/Assets/Original/Doodads/Bush1.Bush1]
[2016.12.02-04.45.08:922][357]OBJ SavePackage: Finished generating thumbnails for package [/Game/Assets/Original/Doodads/Bush1]
[2016.12.02-04.45.08:926][357]LogSavePackage: Save=2.03ms
[2016.12.02-04.45.08:926][357]LogSavePackage: Moving '../../../../../../Users/Kirby/Documents/GitHub/GDP_Final/Saved/Bush1_Auto1AD2157F24915FC83F96FE8BF16C0D452.tmp' to '../../../../../../Users/Kirby/Documents/GitHub/GDP_Final/Saved/Autosaves/Game/Assets/Original/Doodads/Bush1_Auto1.uasset'
[2016.12.02-04.45.08:929][357]LogSavePackage:Display: Finished SavePackage ../../../../../../Users/Kirby/Documents/GitHub/GDP_Final/Saved/Autosaves/Game/Assets/Original/Doodads/Bush1_Auto1.uasset
[2016.12.02-04.45.08:929][357]LogFileHelpers: Auto-saving content packages took 0.029
[2016.12.02-04.45.16:141][778]LogEditorFactories: Performing atomic reimport of [C:/Users/Kirby/Documents/Game Design/GDP/Bush1.png]
[2016.12.02-04.45.16:141][778]LogFactory: FactoryCreateFile: Texture2D with ReimportTextureFactory (0 0 C:/Users/Kirby/Documents/Game Design/GDP/Bush1.png)
[2016.12.02-04.45.16:146][778]LogTexture:Display: Building textures: Bush1 (BGRA8)
[2016.12.02-04.45.16:153][778]LogEditorFactories: -- imported successfully
[2016.12.02-04.46.18:778][697]LogEditorFactories: Performing atomic reimport of [C:/Users/Kirby/Documents/Game Design/GDP/Bush1.png]
[2016.12.02-04.46.18:779][697]LogFactory: FactoryCreateFile: Texture2D with ReimportTextureFactory (0 0 C:/Users/Kirby/Documents/Game Design/GDP/Bush1.png)
[2016.12.02-04.46.18:781][697]LogTexture:Display: Building textures: Bush1 (BGRA8)
[2016.12.02-04.46.18:787][697]LogEditorFactories: -- imported successfully
[2016.12.02-04.47.17:430][139]Cmd: OBJ SAVEPACKAGE PACKAGE="/Game/Assets/Doodads/Bush1_Sprite_0" FILE="../../../../../../Users/Kirby/Documents/GitHub/GDP_Final/Content/Assets/Doodads/Bush1_Sprite_0.uasset" SILENT=true
[2016.12.02-04.47.17:438][139]LogSavePackage: Save=6.28ms
[2016.12.02-04.47.17:438][139]LogSavePackage: Moving '../../../../../../Users/Kirby/Documents/GitHub/GDP_Final/Saved/Bush1_Sprite_093F5DA1D423081054E17F38C373495AC.tmp' to '../../../../../../Users/Kirby/Documents/GitHub/GDP_Final/Content/Assets/Doodads/Bush1_Sprite_0.uasset'
[2016.12.02-04.47.17:443][139]LogSavePackage:Display: Finished SavePackage ../../../../../../Users/Kirby/Documents/GitHub/GDP_Final/Content/Assets/Doodads/Bush1_Sprite_0.uasset
[2016.12.02-04.47.17:456][139]Cmd: OBJ SAVEPACKAGE PACKAGE="/Game/Assets/Doodads/Bush1_Sprite_1" FILE="../../../../../../Users/Kirby/Documents/GitHub/GDP_Final/Content/Assets/Doodads/Bush1_Sprite_1.uasset" SILENT=true
[2016.12.02-04.47.17:463][139]LogSavePackage: Save=5.40ms
[2016.12.02-04.47.17:463][139]LogSavePackage: Moving '../../../../../../Users/Kirby/Documents/GitHub/GDP_Final/Saved/Bush1_Sprite_13D4E059749A188735859EC98A1AD245D.tmp' to '../../../../../../Users/Kirby/Documents/GitHub/GDP_Final/Content/Assets/Doodads/Bush1_Sprite_1.uasset'
[2016.12.02-04.47.17:467][139]LogSavePackage:Display: Finished SavePackage ../../../../../../Users/Kirby/Documents/GitHub/GDP_Final/Content/Assets/Doodads/Bush1_Sprite_1.uasset
[2016.12.02-04.47.17:480][139]Cmd: OBJ SAVEPACKAGE PACKAGE="/Game/Assets/Doodads/Bush1_Sprite_2" FILE="../../../../../../Users/Kirby/Documents/GitHub/GDP_Final/Content/Assets/Doodads/Bush1_Sprite_2.uasset" SILENT=true
[2016.12.02-04.47.17:489][139]LogSavePackage: Save=5.38ms
[2016.12.02-04.47.17:489][139]LogSavePackage: Moving '../../../../../../Users/Kirby/Documents/GitHub/GDP_Final/Saved/Bush1_Sprite_26AD1DF004494F8BCB3C5E5BB1115C80C.tmp' to '../../../../../../Users/Kirby/Documents/GitHub/GDP_Final/Content/Assets/Doodads/Bush1_Sprite_2.uasset'
[2016.12.02-04.47.17:494][139]LogSavePackage:Display: Finished SavePackage ../../../../../../Users/Kirby/Documents/GitHub/GDP_Final/Content/Assets/Doodads/Bush1_Sprite_2.uasset
[2016.12.02-04.48.34:506][366]LogEditorFactories: Performing atomic reimport of [C:/Users/Kirby/Documents/Game Design/GDP/Bush2.png]
[2016.12.02-04.48.34:507][366]LogFactory: FactoryCreateFile: Texture2D with ReimportTextureFactory (0 0 C:/Users/Kirby/Documents/Game Design/GDP/Bush2.png)
[2016.12.02-04.48.34:509][366]LogTexture:Display: Building textures: Bush2 (BGRA8)
[2016.12.02-04.48.34:514][366]LogEditorFactories: -- imported successfully
[2016.12.02-04.49.12:307][856]LogEditorFactories: Performing atomic reimport of [C:/Users/Kirby/Documents/Game Design/GDP/Bush2.png]
[2016.12.02-04.49.12:308][856]LogFactory: FactoryCreateFile: Texture2D with ReimportTextureFactory (0 0 C:/Users/Kirby/Documents/Game Design/GDP/Bush2.png)
[2016.12.02-04.49.12:310][856]LogTexture:Display: Building textures: Bush2 (BGRA8)
[2016.12.02-04.49.12:315][856]LogEditorFactories: -- imported successfully
[2016.12.02-04.49.16:941][112]LogEditorFactories: Performing atomic reimport of [C:/Users/Kirby/Documents/Game Design/GDP/Bush3.png]
[2016.12.02-04.49.16:942][112]LogFactory: FactoryCreateFile: Texture2D with ReimportTextureFactory (0 0 C:/Users/Kirby/Documents/Game Design/GDP/Bush3.png)
[2016.12.02-04.49.16:946][112]LogTexture:Display: Building textures: Bush3 (BGRA8)
[2016.12.02-04.49.16:952][112]LogEditorFactories: -- imported successfully
[2016.12.02-04.49.40:648][475]Cmd: OBJ SAVEPACKAGE PACKAGE="/Game/Assets/Doodads/Bush2_Sprite_0" FILE="../../../../../../Users/Kirby/Documents/GitHub/GDP_Final/Content/Assets/Doodads/Bush2_Sprite_0.uasset" SILENT=true
[2016.12.02-04.49.40:657][475]LogSavePackage: Save=6.99ms
[2016.12.02-04.49.40:657][475]LogSavePackage: Moving '../../../../../../Users/Kirby/Documents/GitHub/GDP_Final/Saved/Bush2_Sprite_0A6A4DB40481AC9880BF933BA17544B91.tmp' to '../../../../../../Users/Kirby/Documents/GitHub/GDP_Final/Content/Assets/Doodads/Bush2_Sprite_0.uasset'
[2016.12.02-04.49.40:662][475]LogSavePackage:Display: Finished SavePackage ../../../../../../Users/Kirby/Documents/GitHub/GDP_Final/Content/Assets/Doodads/Bush2_Sprite_0.uasset
[2016.12.02-04.49.40:673][475]Cmd: OBJ SAVEPACKAGE PACKAGE="/Game/Assets/Doodads/Bush2_Sprite_1" FILE="../../../../../../Users/Kirby/Documents/GitHub/GDP_Final/Content/Assets/Doodads/Bush2_Sprite_1.uasset" SILENT=true
[2016.12.02-04.49.40:680][475]LogSavePackage: Save=5.17ms
[2016.12.02-04.49.40:681][475]LogSavePackage: Moving '../../../../../../Users/Kirby/Documents/GitHub/GDP_Final/Saved/Bush2_Sprite_121EFA9644E39C64902593CAE7C2A67AE.tmp' to '../../../../../../Users/Kirby/Documents/GitHub/GDP_Final/Content/Assets/Doodads/Bush2_Sprite_1.uasset'
[2016.12.02-04.49.40:686][475]LogSavePackage:Display: Finished SavePackage ../../../../../../Users/Kirby/Documents/GitHub/GDP_Final/Content/Assets/Doodads/Bush2_Sprite_1.uasset
[2016.12.02-04.49.40:697][475]Cmd: OBJ SAVEPACKAGE PACKAGE="/Game/Assets/Doodads/Bush2_Sprite_2" FILE="../../../../../../Users/Kirby/Documents/GitHub/GDP_Final/Content/Assets/Doodads/Bush2_Sprite_2.uasset" SILENT=true
[2016.12.02-04.49.40:704][475]LogSavePackage: Save=5.18ms
[2016.12.02-04.49.40:704][475]LogSavePackage: Moving '../../../../../../Users/Kirby/Documents/GitHub/GDP_Final/Saved/Bush2_Sprite_2A81DFA3E495F7F277EB9D7933415FD4F.tmp' to '../../../../../../Users/Kirby/Documents/GitHub/GDP_Final/Content/Assets/Doodads/Bush2_Sprite_2.uasset'
[2016.12.02-04.49.40:708][475]LogSavePackage:Display: Finished SavePackage ../../../../../../Users/Kirby/Documents/GitHub/GDP_Final/Content/Assets/Doodads/Bush2_Sprite_2.uasset
[2016.12.02-04.50.17:664][627]Cmd: OBJ SAVEPACKAGE PACKAGE="/Game/Assets/Doodads/Bush3_Sprite_0" FILE="../../../../../../Users/Kirby/Documents/GitHub/GDP_Final/Content/Assets/Doodads/Bush3_Sprite_0.uasset" SILENT=true
[2016.12.02-04.50.17:672][627]LogSavePackage: Save=6.09ms
[2016.12.02-04.50.17:672][627]LogSavePackage: Moving '../../../../../../Users/Kirby/Documents/GitHub/GDP_Final/Saved/Bush3_Sprite_09B4C6E7E4DC82A033F99FE8A1C6E4C4C.tmp' to '../../../../../../Users/Kirby/Documents/GitHub/GDP_Final/Content/Assets/Doodads/Bush3_Sprite_0.uasset'
[2016.12.02-04.50.17:678][627]LogSavePackage:Display: Finished SavePackage ../../../../../../Users/Kirby/Documents/GitHub/GDP_Final/Content/Assets/Doodads/Bush3_Sprite_0.uasset
[2016.12.02-04.50.17:689][627]Cmd: OBJ SAVEPACKAGE PACKAGE="/Game/Assets/Doodads/Bush3_Sprite_1" FILE="../../../../../../Users/Kirby/Documents/GitHub/GDP_Final/Content/Assets/Doodads/Bush3_Sprite_1.uasset" SILENT=true
[2016.12.02-04.50.17:695][627]LogSavePackage: Save=4.94ms
[2016.12.02-04.50.17:695][627]LogSavePackage: Moving '../../../../../../Users/Kirby/Documents/GitHub/GDP_Final/Saved/Bush3_Sprite_14D7B0C9143B84B99653BC6B801C22D00.tmp' to '../../../../../../Users/Kirby/Documents/GitHub/GDP_Final/Content/Assets/Doodads/Bush3_Sprite_1.uasset'
[2016.12.02-04.50.17:700][627]LogSavePackage:Display: Finished SavePackage ../../../../../../Users/Kirby/Documents/GitHub/GDP_Final/Content/Assets/Doodads/Bush3_Sprite_1.uasset
[2016.12.02-04.50.17:712][627]Cmd: OBJ SAVEPACKAGE PACKAGE="/Game/Assets/Doodads/Bush3_Sprite_2" FILE="../../../../../../Users/Kirby/Documents/GitHub/GDP_Final/Content/Assets/Doodads/Bush3_Sprite_2.uasset" SILENT=true
[2016.12.02-04.50.17:719][627]LogSavePackage: Save=5.36ms
[2016.12.02-04.50.17:719][627]LogSavePackage: Moving '../../../../../../Users/Kirby/Documents/GitHub/GDP_Final/Saved/Bush3_Sprite_2AC744E734110DEC26C888DAA4E350C74.tmp' to '../../../../../../Users/Kirby/Documents/GitHub/GDP_Final/Content/Assets/Doodads/Bush3_Sprite_2.uasset'
[2016.12.02-04.50.17:724][627]LogSavePackage:Display: Finished SavePackage ../../../../../../Users/Kirby/Documents/GitHub/GDP_Final/Content/Assets/Doodads/Bush3_Sprite_2.uasset
[2016.12.02-04.50.22:126][871]Cmd: OBJ SAVEPACKAGE PACKAGE="/Game/Assets/Original/Doodads/Bush3" FILE="../../../../../../Users/Kirby/Documents/GitHub/GDP_Final/Content/Assets/Original/Doodads/Bush3.uasset" SILENT=true
[2016.12.02-04.50.22:134][871]LogSavePackage: Save=3.82ms
[2016.12.02-04.50.22:134][871]LogSavePackage: Moving '../../../../../../Users/Kirby/Documents/GitHub/GDP_Final/Saved/Bush3630AC492421D57412BD7CF9A591B641B.tmp' to '../../../../../../Users/Kirby/Documents/GitHub/GDP_Final/Content/Assets/Original/Doodads/Bush3.uasset'
[2016.12.02-04.50.22:141][871]LogSavePackage:Display: Finished SavePackage ../../../../../../Users/Kirby/Documents/GitHub/GDP_Final/Content/Assets/Original/Doodads/Bush3.uasset
[2016.12.02-04.50.22:146][871]Cmd: OBJ SAVEPACKAGE PACKAGE="/Game/Assets/Original/Doodads/Bush2" FILE="../../../../../../Users/Kirby/Documents/GitHub/GDP_Final/Content/Assets/Original/Doodads/Bush2.uasset" SILENT=true
[2016.12.02-04.50.22:150][871]LogSavePackage: Save=2.51ms
[2016.12.02-04.50.22:150][871]LogSavePackage: Moving '../../../../../../Users/Kirby/Documents/GitHub/GDP_Final/Saved/Bush2A3E293804CF8CF2E7C29A8AF32E3FF64.tmp' to '../../../../../../Users/Kirby/Documents/GitHub/GDP_Final/Content/Assets/Original/Doodads/Bush2.uasset'
[2016.12.02-04.50.22:155][871]LogSavePackage:Display: Finished SavePackage ../../../../../../Users/Kirby/Documents/GitHub/GDP_Final/Content/Assets/Original/Doodads/Bush2.uasset
[2016.12.02-04.50.22:159][871]Cmd: OBJ SAVEPACKAGE PACKAGE="/Game/Assets/Original/Doodads/Bush1" FILE="../../../../../../Users/Kirby/Documents/GitHub/GDP_Final/Content/Assets/Original/Doodads/Bush1.uasset" SILENT=true
[2016.12.02-04.50.22:164][871]LogSavePackage: Save=2.33ms
[2016.12.02-04.50.22:164][871]LogSavePackage: Moving '../../../../../../Users/Kirby/Documents/GitHub/GDP_Final/Saved/Bush1F45A47474517D31BC825D08DF84B18AD.tmp' to '../../../../../../Users/Kirby/Documents/GitHub/GDP_Final/Content/Assets/Original/Doodads/Bush1.uasset'
[2016.12.02-04.50.22:170][871]LogSavePackage:Display: Finished SavePackage ../../../../../../Users/Kirby/Documents/GitHub/GDP_Final/Content/Assets/Original/Doodads/Bush1.uasset
[2016.12.02-04.50.22:177][871]LogSavePackage: Save=1.63ms
[2016.12.02-04.50.22:177][871]LogSavePackage: Moving '../../../../../../Users/Kirby/Documents/GitHub/GDP_Final/Saved/Bush1_Sprite_066A863C04534EEC5DEE1E18CAFD80553.tmp' to '../../../../../../Users/Kirby/Documents/GitHub/GDP_Final/Content/Assets/Original/Doodads/Bush1_Sprite_0.uasset'
[2016.12.02-04.50.22:182][871]LogSavePackage:Display: Finished SavePackage ../../../../../../Users/Kirby/Documents/GitHub/GDP_Final/Content/Assets/Original/Doodads/Bush1_Sprite_0.uasset
[2016.12.02-04.50.22:189][871]LogSavePackage: Save=1.83ms
[2016.12.02-04.50.22:189][871]LogSavePackage: Moving '../../../../../../Users/Kirby/Documents/GitHub/GDP_Final/Saved/Bush1_Sprite_13559594C479702A8DC47D8892471E991.tmp' to '../../../../../../Users/Kirby/Documents/GitHub/GDP_Final/Content/Assets/Original/Doodads/Bush1_Sprite_1.uasset'
[2016.12.02-04.50.22:194][871]LogSavePackage:Display: Finished SavePackage ../../../../../../Users/Kirby/Documents/GitHub/GDP_Final/Content/Assets/Original/Doodads/Bush1_Sprite_1.uasset
[2016.12.02-04.50.22:200][871]LogSavePackage: Save=1.39ms
[2016.12.02-04.50.22:200][871]LogSavePackage: Moving '../../../../../../Users/Kirby/Documents/GitHub/GDP_Final/Saved/Bush1_Sprite_2804FBF724ED9C31370452BB73A216073.tmp' to '../../../../../../Users/Kirby/Documents/GitHub/GDP_Final/Content/Assets/Original/Doodads/Bush1_Sprite_2.uasset'
[2016.12.02-04.50.22:206][871]LogSavePackage:Display: Finished SavePackage ../../../../../../Users/Kirby/Documents/GitHub/GDP_Final/Content/Assets/Original/Doodads/Bush1_Sprite_2.uasset
[2016.12.02-04.50.22:213][871]LogSavePackage: Save=1.42ms
[2016.12.02-04.50.22:213][871]LogSavePackage: Moving '../../../../../../Users/Kirby/Documents/GitHub/GDP_Final/Saved/Bush2_Sprite_09475B4BB49A8FC3767D0E5BB51935BF4.tmp' to '../../../../../../Users/Kirby/Documents/GitHub/GDP_Final/Content/Assets/Original/Doodads/Bush2_Sprite_0.uasset'
[2016.12.02-04.50.22:219][871]LogSavePackage:Display: Finished SavePackage ../../../../../../Users/Kirby/Documents/GitHub/GDP_Final/Content/Assets/Original/Doodads/Bush2_Sprite_0.uasset
[2016.12.02-04.